
Log started (V20.1.0.0) Tue Oct  5 18:10:10 2021


Log started (V20.1.0.0) Tue Oct  5 18:13:23 2021


Problem 'lp/QPLIB_0018.lp' read.
Read time = 0.01 sec. (0.14 ticks)

Problem written to file 'mps/QPLIB_0018.mps'.

Log started (V20.1.0.0) Tue Oct  5 18:13:23 2021


Problem 'lp/QPLIB_0031.lp' read.
Read time = 0.00 sec. (0.05 ticks)

Problem written to file 'mps/QPLIB_0031.mps'.

Log started (V20.1.0.0) Tue Oct  5 18:13:23 2021


Problem 'lp/QPLIB_0032.lp' read.
Read time = 0.00 sec. (0.15 ticks)

Problem written to file 'mps/QPLIB_0032.mps'.

Log started (V20.1.0.0) Tue Oct  5 18:13:23 2021


Problem 'lp/QPLIB_0067.lp' read.
Read time = 0.00 sec. (0.33 ticks)

Problem written to file 'mps/QPLIB_0067.mps'.

Log started (V20.1.0.0) Tue Oct  5 18:13:23 2021


Problem 'lp/QPLIB_0343.lp' read.
Read time = 0.00 sec. (0.14 ticks)

Problem written to file 'mps/QPLIB_0343.mps'.

Log started (V20.1.0.0) Tue Oct  5 18:13:23 2021


Problem 'lp/QPLIB_0633.lp' read.
Read time = 0.00 sec. (0.32 ticks)

Problem written to file 'mps/QPLIB_0633.mps'.

Log started (V20.1.0.0) Tue Oct  5 18:13:23 2021


Problem 'lp/QPLIB_0678.lp' read.
Read time = 0.02 sec. (1.43 ticks)

Problem written to file 'mps/QPLIB_0678.mps'.

Log started (V20.1.0.0) Tue Oct  5 18:13:23 2021


Problem 'lp/QPLIB_0681.lp' read.
Read time = 0.01 sec. (0.06 ticks)

Problem written to file 'mps/QPLIB_0681.mps'.

Log started (V20.1.0.0) Tue Oct  5 18:13:23 2021


Problem 'lp/QPLIB_0682.lp' read.
Read time = 0.00 sec. (0.09 ticks)

Problem written to file 'mps/QPLIB_0682.mps'.

Log started (V20.1.0.0) Tue Oct  5 18:13:23 2021


Problem 'lp/QPLIB_0684.lp' read.
Read time = 0.00 sec. (0.13 ticks)

Problem written to file 'mps/QPLIB_0684.mps'.

Log started (V20.1.0.0) Tue Oct  5 18:13:23 2021


Problem 'lp/QPLIB_0685.lp' read.
Read time = 0.00 sec. (0.25 ticks)

Problem written to file 'mps/QPLIB_0685.mps'.

Log started (V20.1.0.0) Tue Oct  5 18:13:23 2021


Problem 'lp/QPLIB_0686.lp' read.
Read time = 0.01 sec. (0.84 ticks)

Problem written to file 'mps/QPLIB_0686.mps'.

Log started (V20.1.0.0) Tue Oct  5 18:13:23 2021


Problem 'lp/QPLIB_0687.lp' read.
Read time = 0.01 sec. (1.00 ticks)

Problem written to file 'mps/QPLIB_0687.mps'.

Log started (V20.1.0.0) Tue Oct  5 18:13:23 2021


Problem 'lp/QPLIB_0688.lp' read.
Read time = 0.02 sec. (3.77 ticks)

Problem written to file 'mps/QPLIB_0688.mps'.

Log started (V20.1.0.0) Tue Oct  5 18:13:23 2021


Problem 'lp/QPLIB_0689.lp' read.
Read time = 0.01 sec. (1.15 ticks)

Problem written to file 'mps/QPLIB_0689.mps'.

Log started (V20.1.0.0) Tue Oct  5 18:13:23 2021


Problem 'lp/QPLIB_0690.lp' read.
Read time = 0.12 sec. (17.42 ticks)

Problem written to file 'mps/QPLIB_0690.mps'.

Log started (V20.1.0.0) Tue Oct  5 18:13:24 2021


Problem 'lp/QPLIB_0696.lp' read.
Read time = 0.01 sec. (0.08 ticks)

Problem written to file 'mps/QPLIB_0696.mps'.

Log started (V20.1.0.0) Tue Oct  5 18:13:25 2021


Problem 'lp/QPLIB_0698.lp' read.
Read time = 0.00 sec. (0.02 ticks)

Problem written to file 'mps/QPLIB_0698.mps'.

Log started (V20.1.0.0) Tue Oct  5 18:13:25 2021


Problem 'lp/QPLIB_0752.lp' read.
Read time = 0.00 sec. (0.32 ticks)

Problem written to file 'mps/QPLIB_0752.mps'.

Log started (V20.1.0.0) Tue Oct  5 18:13:25 2021


Problem 'lp/QPLIB_0911.lp' read.
Read time = 0.01 sec. (2.28 ticks)

Problem written to file 'mps/QPLIB_0911.mps'.

Log started (V20.1.0.0) Tue Oct  5 18:13:25 2021


Problem 'lp/QPLIB_0975.lp' read.
Read time = 0.00 sec. (0.51 ticks)

Problem written to file 'mps/QPLIB_0975.mps'.

Log started (V20.1.0.0) Tue Oct  5 18:13:25 2021


Problem 'lp/QPLIB_10001.lp' read.
Read time = 0.00 sec. (0.56 ticks)

Problem written to file 'mps/QPLIB_10001.mps'.

Log started (V20.1.0.0) Tue Oct  5 18:13:25 2021


Problem 'lp/QPLIB_10002.lp' read.
Read time = 0.00 sec. (0.56 ticks)

Problem written to file 'mps/QPLIB_10002.mps'.

Log started (V20.1.0.0) Tue Oct  5 18:13:25 2021


Problem 'lp/QPLIB_10003.lp' read.
Read time = 0.02 sec. (3.51 ticks)

Problem written to file 'mps/QPLIB_10003.mps'.

Log started (V20.1.0.0) Tue Oct  5 18:13:25 2021


Problem 'lp/QPLIB_10004.lp' read.
Read time = 0.02 sec. (3.44 ticks)

Problem written to file 'mps/QPLIB_10004.mps'.

Log started (V20.1.0.0) Tue Oct  5 18:13:25 2021


Problem 'lp/QPLIB_10005.lp' read.
Read time = 0.47 sec. (61.10 ticks)

Problem written to file 'mps/QPLIB_10005.mps'.

Log started (V20.1.0.0) Tue Oct  5 18:13:26 2021


Problem 'lp/QPLIB_10006.lp' read.
Read time = 1.59 sec. (201.66 ticks)

Problem written to file 'mps/QPLIB_10006.mps'.

Log started (V20.1.0.0) Tue Oct  5 18:13:31 2021


Problem 'lp/QPLIB_10007.lp' read.
Read time = 3.35 sec. (362.79 ticks)

Problem written to file 'mps/QPLIB_10007.mps'.

Log started (V20.1.0.0) Tue Oct  5 18:13:41 2021


Problem 'lp/QPLIB_10008.lp' read.
Read time = 0.01 sec. (0.88 ticks)

Problem written to file 'mps/QPLIB_10008.mps'.

Log started (V20.1.0.0) Tue Oct  5 18:13:41 2021


Problem 'lp/QPLIB_10009.lp' read.
Read time = 0.00 sec. (0.46 ticks)

Problem written to file 'mps/QPLIB_10009.mps'.

Log started (V20.1.0.0) Tue Oct  5 18:13:41 2021


Problem 'lp/QPLIB_10010.lp' read.
Read time = 0.00 sec. (0.24 ticks)

Problem written to file 'mps/QPLIB_10010.mps'.

Log started (V20.1.0.0) Tue Oct  5 18:13:41 2021


Problem 'lp/QPLIB_10011.lp' read.
Read time = 0.01 sec. (2.34 ticks)

Problem written to file 'mps/QPLIB_10011.mps'.

Log started (V20.1.0.0) Tue Oct  5 18:13:41 2021


Problem 'lp/QPLIB_10012.lp' read.
Read time = 0.01 sec. (1.26 ticks)

Problem written to file 'mps/QPLIB_10012.mps'.

Log started (V20.1.0.0) Tue Oct  5 18:13:41 2021


Problem 'lp/QPLIB_10013.lp' read.
Read time = 0.06 sec. (7.41 ticks)

Problem written to file 'mps/QPLIB_10013.mps'.

Log started (V20.1.0.0) Tue Oct  5 18:13:42 2021


Problem 'lp/QPLIB_10014.lp' read.
Read time = 0.06 sec. (7.43 ticks)

Problem written to file 'mps/QPLIB_10014.mps'.

Log started (V20.1.0.0) Tue Oct  5 18:13:43 2021


Problem 'lp/QPLIB_10015.lp' read.
Read time = 0.05 sec. (7.03 ticks)

Problem written to file 'mps/QPLIB_10015.mps'.

Log started (V20.1.0.0) Tue Oct  5 18:13:44 2021


Problem 'lp/QPLIB_10016.lp' read.
Read time = 0.05 sec. (7.02 ticks)

Problem written to file 'mps/QPLIB_10016.mps'.

Log started (V20.1.0.0) Tue Oct  5 18:13:46 2021


Problem 'lp/QPLIB_10017.lp' read.
Read time = 0.07 sec. (10.54 ticks)

Problem written to file 'mps/QPLIB_10017.mps'.

Log started (V20.1.0.0) Tue Oct  5 18:13:47 2021


Problem 'lp/QPLIB_10018.lp' read.
Read time = 0.07 sec. (10.57 ticks)

Problem written to file 'mps/QPLIB_10018.mps'.

Log started (V20.1.0.0) Tue Oct  5 18:13:49 2021


Problem 'lp/QPLIB_10019.lp' read.
Read time = 0.07 sec. (9.98 ticks)

Problem written to file 'mps/QPLIB_10019.mps'.

Log started (V20.1.0.0) Tue Oct  5 18:13:50 2021


Problem 'lp/QPLIB_10020.lp' read.
Read time = 0.08 sec. (10.00 ticks)

Problem written to file 'mps/QPLIB_10020.mps'.

Log started (V20.1.0.0) Tue Oct  5 18:13:52 2021


Problem 'lp/QPLIB_10021.lp' read.
Read time = 0.02 sec. (2.59 ticks)

Problem written to file 'mps/QPLIB_10021.mps'.

Log started (V20.1.0.0) Tue Oct  5 18:13:53 2021


Problem 'lp/QPLIB_10022.lp' read.
Read time = 0.02 sec. (2.59 ticks)

Problem written to file 'mps/QPLIB_10022.mps'.

Log started (V20.1.0.0) Tue Oct  5 18:13:53 2021


Problem 'lp/QPLIB_10023.lp' read.
Read time = 0.02 sec. (2.59 ticks)

Problem written to file 'mps/QPLIB_10023.mps'.

Log started (V20.1.0.0) Tue Oct  5 18:13:54 2021


Problem 'lp/QPLIB_10024.lp' read.
Read time = 0.02 sec. (2.59 ticks)

Problem written to file 'mps/QPLIB_10024.mps'.

Log started (V20.1.0.0) Tue Oct  5 18:13:54 2021


Problem 'lp/QPLIB_10025.lp' read.
Read time = 0.03 sec. (11.96 ticks)

Problem written to file 'mps/QPLIB_10025.mps'.

Log started (V20.1.0.0) Tue Oct  5 18:13:54 2021


Problem 'lp/QPLIB_10026.lp' read.
Read time = 0.04 sec. (11.96 ticks)

Problem written to file 'mps/QPLIB_10026.mps'.

Log started (V20.1.0.0) Tue Oct  5 18:13:55 2021


Problem 'lp/QPLIB_10027.lp' read.
Read time = 0.04 sec. (11.96 ticks)

Problem written to file 'mps/QPLIB_10027.mps'.

Log started (V20.1.0.0) Tue Oct  5 18:13:55 2021


Problem 'lp/QPLIB_10028.lp' read.
Read time = 0.04 sec. (11.96 ticks)

Problem written to file 'mps/QPLIB_10028.mps'.

Log started (V20.1.0.0) Tue Oct  5 18:13:55 2021


Problem 'lp/QPLIB_10029.lp' read.
Read time = 0.04 sec. (11.96 ticks)

Problem written to file 'mps/QPLIB_10029.mps'.

Log started (V20.1.0.0) Tue Oct  5 18:13:55 2021


Problem 'lp/QPLIB_10030.lp' read.
Read time = 0.02 sec. (2.53 ticks)

Problem written to file 'mps/QPLIB_10030.mps'.

Log started (V20.1.0.0) Tue Oct  5 18:13:56 2021


Problem 'lp/QPLIB_10031.lp' read.
Read time = 0.02 sec. (2.53 ticks)

Problem written to file 'mps/QPLIB_10031.mps'.

Log started (V20.1.0.0) Tue Oct  5 18:13:56 2021


Problem 'lp/QPLIB_10032.lp' read.
Read time = 0.02 sec. (2.53 ticks)

Problem written to file 'mps/QPLIB_10032.mps'.

Log started (V20.1.0.0) Tue Oct  5 18:13:57 2021


Problem 'lp/QPLIB_10033.lp' read.
Read time = 0.02 sec. (2.53 ticks)

Problem written to file 'mps/QPLIB_10033.mps'.

Log started (V20.1.0.0) Tue Oct  5 18:13:57 2021


Problem 'lp/QPLIB_10034.lp' read.
Read time = 0.08 sec. (7.15 ticks)

Problem written to file 'mps/QPLIB_10034.mps'.

Log started (V20.1.0.0) Tue Oct  5 18:13:57 2021


Problem 'lp/QPLIB_10035.lp' read.
Read time = 0.08 sec. (5.85 ticks)

Problem written to file 'mps/QPLIB_10035.mps'.

Log started (V20.1.0.0) Tue Oct  5 18:13:58 2021


Problem 'lp/QPLIB_10036.lp' read.
Read time = 0.07 sec. (5.85 ticks)

Problem written to file 'mps/QPLIB_10036.mps'.

Log started (V20.1.0.0) Tue Oct  5 18:13:58 2021


Problem 'lp/QPLIB_10037.lp' read.
Read time = 0.32 sec. (173.22 ticks)

Problem written to file 'mps/QPLIB_10037.mps'.

Log started (V20.1.0.0) Tue Oct  5 18:14:14 2021


Problem 'lp/QPLIB_10038.lp' read.
Read time = 0.33 sec. (29.71 ticks)

Problem written to file 'mps/QPLIB_10038.mps'.

Log started (V20.1.0.0) Tue Oct  5 18:14:15 2021


Problem 'lp/QPLIB_10039.lp' read.
Read time = 0.04 sec. (2.82 ticks)

Problem written to file 'mps/QPLIB_10039.mps'.

Log started (V20.1.0.0) Tue Oct  5 18:14:15 2021


Problem 'lp/QPLIB_10040.lp' read.
Read time = 0.01 sec. (0.88 ticks)

Problem written to file 'mps/QPLIB_10040.mps'.

Log started (V20.1.0.0) Tue Oct  5 18:14:15 2021


Problem 'lp/QPLIB_10041.lp' read.
Read time = 0.01 sec. (0.93 ticks)

Problem written to file 'mps/QPLIB_10041.mps'.

Log started (V20.1.0.0) Tue Oct  5 18:14:16 2021


Problem 'lp/QPLIB_10042.lp' read.
Read time = 0.00 sec. (0.93 ticks)

Problem written to file 'mps/QPLIB_10042.mps'.

Log started (V20.1.0.0) Tue Oct  5 18:14:16 2021


Problem 'lp/QPLIB_10043.lp' read.
Read time = 0.01 sec. (1.37 ticks)

Problem written to file 'mps/QPLIB_10043.mps'.

Log started (V20.1.0.0) Tue Oct  5 18:14:16 2021


Problem 'lp/QPLIB_10044.lp' read.
Read time = 0.01 sec. (1.36 ticks)

Problem written to file 'mps/QPLIB_10044.mps'.

Log started (V20.1.0.0) Tue Oct  5 18:14:16 2021


Problem 'lp/QPLIB_10045.lp' read.
Read time = 0.01 sec. (1.31 ticks)

Problem written to file 'mps/QPLIB_10045.mps'.

Log started (V20.1.0.0) Tue Oct  5 18:14:16 2021


Problem 'lp/QPLIB_10046.lp' read.
Read time = 0.01 sec. (1.27 ticks)

Problem written to file 'mps/QPLIB_10046.mps'.

Log started (V20.1.0.0) Tue Oct  5 18:14:16 2021


Problem 'lp/QPLIB_10047.lp' read.
Read time = 0.01 sec. (1.44 ticks)

Problem written to file 'mps/QPLIB_10047.mps'.

Log started (V20.1.0.0) Tue Oct  5 18:14:16 2021


Problem 'lp/QPLIB_10048.lp' read.
Read time = 0.01 sec. (1.42 ticks)

Problem written to file 'mps/QPLIB_10048.mps'.

Log started (V20.1.0.0) Tue Oct  5 18:14:16 2021


Problem 'lp/QPLIB_10049.lp' read.
Read time = 0.01 sec. (1.42 ticks)

Problem written to file 'mps/QPLIB_10049.mps'.

Log started (V20.1.0.0) Tue Oct  5 18:14:16 2021


Problem 'lp/QPLIB_10050.lp' read.
Read time = 0.01 sec. (1.40 ticks)

Problem written to file 'mps/QPLIB_10050.mps'.

Log started (V20.1.0.0) Tue Oct  5 18:14:16 2021


Problem 'lp/QPLIB_10051.lp' read.
Read time = 0.01 sec. (1.42 ticks)

Problem written to file 'mps/QPLIB_10051.mps'.

Log started (V20.1.0.0) Tue Oct  5 18:14:16 2021


Problem 'lp/QPLIB_10052.lp' read.
Read time = 0.01 sec. (1.43 ticks)

Problem written to file 'mps/QPLIB_10052.mps'.

Log started (V20.1.0.0) Tue Oct  5 18:14:16 2021


Problem 'lp/QPLIB_10053.lp' read.
Read time = 0.01 sec. (1.42 ticks)

Problem written to file 'mps/QPLIB_10053.mps'.

Log started (V20.1.0.0) Tue Oct  5 18:14:16 2021


Problem 'lp/QPLIB_10054.lp' read.
Read time = 0.01 sec. (1.77 ticks)

Problem written to file 'mps/QPLIB_10054.mps'.

Log started (V20.1.0.0) Tue Oct  5 18:14:16 2021


Problem 'lp/QPLIB_10055.lp' read.
Read time = 0.01 sec. (1.81 ticks)

Problem written to file 'mps/QPLIB_10055.mps'.

Log started (V20.1.0.0) Tue Oct  5 18:14:16 2021


Problem 'lp/QPLIB_10056.lp' read.
Read time = 0.01 sec. (1.89 ticks)

Problem written to file 'mps/QPLIB_10056.mps'.

Log started (V20.1.0.0) Tue Oct  5 18:14:16 2021


Problem 'lp/QPLIB_10057.lp' read.
Read time = 0.01 sec. (1.97 ticks)

Problem written to file 'mps/QPLIB_10057.mps'.

Log started (V20.1.0.0) Tue Oct  5 18:14:16 2021


Problem 'lp/QPLIB_10058.lp' read.
Read time = 0.01 sec. (2.31 ticks)

Problem written to file 'mps/QPLIB_10058.mps'.

Log started (V20.1.0.0) Tue Oct  5 18:14:16 2021


Problem 'lp/QPLIB_10059.lp' read.
Read time = 0.01 sec. (1.85 ticks)

Problem written to file 'mps/QPLIB_10059.mps'.

Log started (V20.1.0.0) Tue Oct  5 18:14:16 2021


Problem 'lp/QPLIB_10060.lp' read.
Read time = 0.01 sec. (2.29 ticks)

Problem written to file 'mps/QPLIB_10060.mps'.

Log started (V20.1.0.0) Tue Oct  5 18:14:16 2021


Problem 'lp/QPLIB_10061.lp' read.
Read time = 0.01 sec. (2.31 ticks)

Problem written to file 'mps/QPLIB_10061.mps'.

Log started (V20.1.0.0) Tue Oct  5 18:14:16 2021


Problem 'lp/QPLIB_10062.lp' read.
Read time = 0.01 sec. (2.50 ticks)

Problem written to file 'mps/QPLIB_10062.mps'.

Log started (V20.1.0.0) Tue Oct  5 18:14:16 2021


Problem 'lp/QPLIB_10063.lp' read.
Read time = 0.01 sec. (2.66 ticks)

Problem written to file 'mps/QPLIB_10063.mps'.

Log started (V20.1.0.0) Tue Oct  5 18:14:16 2021


Problem 'lp/QPLIB_10064.lp' read.
Read time = 0.01 sec. (2.66 ticks)

Problem written to file 'mps/QPLIB_10064.mps'.

Log started (V20.1.0.0) Tue Oct  5 18:14:16 2021


Problem 'lp/QPLIB_10065.lp' read.
Read time = 0.02 sec. (2.67 ticks)

Problem written to file 'mps/QPLIB_10065.mps'.

Log started (V20.1.0.0) Tue Oct  5 18:14:16 2021


Problem 'lp/QPLIB_10066.lp' read.
Read time = 0.01 sec. (2.67 ticks)

Problem written to file 'mps/QPLIB_10066.mps'.

Log started (V20.1.0.0) Tue Oct  5 18:14:16 2021


Problem 'lp/QPLIB_10067.lp' read.
Read time = 0.01 sec. (2.68 ticks)

Problem written to file 'mps/QPLIB_10067.mps'.

Log started (V20.1.0.0) Tue Oct  5 18:14:16 2021


Problem 'lp/QPLIB_10068.lp' read.
Read time = 0.01 sec. (2.69 ticks)

Problem written to file 'mps/QPLIB_10068.mps'.

Log started (V20.1.0.0) Tue Oct  5 18:14:16 2021


Problem 'lp/QPLIB_10069.lp' read.
Read time = 0.01 sec. (2.67 ticks)

Problem written to file 'mps/QPLIB_10069.mps'.

Log started (V20.1.0.0) Tue Oct  5 18:14:16 2021


Problem 'lp/QPLIB_10070.lp' read.
Read time = 0.01 sec. (2.68 ticks)

Problem written to file 'mps/QPLIB_10070.mps'.

Log started (V20.1.0.0) Tue Oct  5 18:14:16 2021


Problem 'lp/QPLIB_10071.lp' read.
Read time = 0.01 sec. (2.68 ticks)

Problem written to file 'mps/QPLIB_10071.mps'.

Log started (V20.1.0.0) Tue Oct  5 18:14:16 2021


Problem 'lp/QPLIB_10072.lp' read.
Read time = 0.00 sec. (0.25 ticks)

Problem written to file 'mps/QPLIB_10072.mps'.

Log started (V20.1.0.0) Tue Oct  5 18:14:16 2021


Problem 'lp/QPLIB_10073.lp' read.
Read time = 0.00 sec. (0.23 ticks)

Problem written to file 'mps/QPLIB_10073.mps'.

Log started (V20.1.0.0) Tue Oct  5 18:14:16 2021


Problem 'lp/QPLIB_10074.lp' read.
Read time = 0.00 sec. (0.34 ticks)

Problem written to file 'mps/QPLIB_10074.mps'.

Log started (V20.1.0.0) Tue Oct  5 18:14:16 2021


Problem 'lp/QPLIB_10075.lp' read.
Read time = 0.58 sec. (157.83 ticks)

Problem written to file 'mps/QPLIB_10075.mps'.

Log started (V20.1.0.0) Tue Oct  5 18:14:18 2021


Problem 'lp/QPLIB_10076.lp' read.
Read time = 20.75 sec. (5109.20 ticks)

Problem written to file 'mps/QPLIB_10076.mps'.

Log started (V20.1.0.0) Tue Oct  5 18:15:10 2021


Problem 'lp/QPLIB_1055.lp' read.
Read time = 0.01 sec. (1.20 ticks)

Problem written to file 'mps/QPLIB_1055.mps'.

Log started (V20.1.0.0) Tue Oct  5 18:15:10 2021


Problem 'lp/QPLIB_1143.lp' read.
Read time = 0.01 sec. (1.16 ticks)

Problem written to file 'mps/QPLIB_1143.mps'.

Log started (V20.1.0.0) Tue Oct  5 18:15:10 2021


Problem 'lp/QPLIB_1157.lp' read.
Read time = 0.00 sec. (0.14 ticks)

Problem written to file 'mps/QPLIB_1157.mps'.

Log started (V20.1.0.0) Tue Oct  5 18:15:10 2021


Problem 'lp/QPLIB_1353.lp' read.
Read time = 0.00 sec. (0.22 ticks)

Problem written to file 'mps/QPLIB_1353.mps'.

Log started (V20.1.0.0) Tue Oct  5 18:15:10 2021


Problem 'lp/QPLIB_1423.lp' read.
Read time = 0.01 sec. (1.15 ticks)

Problem written to file 'mps/QPLIB_1423.mps'.

Log started (V20.1.0.0) Tue Oct  5 18:15:10 2021


Problem 'lp/QPLIB_1437.lp' read.
Read time = 0.00 sec. (0.22 ticks)

Problem written to file 'mps/QPLIB_1437.mps'.

Log started (V20.1.0.0) Tue Oct  5 18:15:10 2021


Problem 'lp/QPLIB_1451.lp' read.
Read time = 0.02 sec. (3.76 ticks)

Problem written to file 'mps/QPLIB_1451.mps'.

Log started (V20.1.0.0) Tue Oct  5 18:15:10 2021


Problem 'lp/QPLIB_1493.lp' read.
Read time = 0.01 sec. (0.14 ticks)

Problem written to file 'mps/QPLIB_1493.mps'.

Log started (V20.1.0.0) Tue Oct  5 18:15:10 2021


Problem 'lp/QPLIB_1507.lp' read.
Read time = 0.01 sec. (0.96 ticks)

Problem written to file 'mps/QPLIB_1507.mps'.

Log started (V20.1.0.0) Tue Oct  5 18:15:10 2021


Problem 'lp/QPLIB_1535.lp' read.
Read time = 0.04 sec. (7.20 ticks)

Problem written to file 'mps/QPLIB_1535.mps'.

Log started (V20.1.0.0) Tue Oct  5 18:15:10 2021


Problem 'lp/QPLIB_1619.lp' read.
Read time = 0.02 sec. (2.18 ticks)

Problem written to file 'mps/QPLIB_1619.mps'.

Log started (V20.1.0.0) Tue Oct  5 18:15:11 2021


Problem 'lp/QPLIB_1661.lp' read.
Read time = 0.00 sec. (0.32 ticks)

Problem written to file 'mps/QPLIB_1661.mps'.

Log started (V20.1.0.0) Tue Oct  5 18:15:11 2021


Problem 'lp/QPLIB_1675.lp' read.
Read time = 0.00 sec. (0.16 ticks)

Problem written to file 'mps/QPLIB_1675.mps'.

Log started (V20.1.0.0) Tue Oct  5 18:15:11 2021


Problem 'lp/QPLIB_1703.lp' read.
Read time = 0.02 sec. (3.82 ticks)

Problem written to file 'mps/QPLIB_1703.mps'.

Log started (V20.1.0.0) Tue Oct  5 18:15:11 2021


Problem 'lp/QPLIB_1745.lp' read.
Read time = 0.02 sec. (2.19 ticks)

Problem written to file 'mps/QPLIB_1745.mps'.

Log started (V20.1.0.0) Tue Oct  5 18:15:11 2021


Problem 'lp/QPLIB_1773.lp' read.
Read time = 0.00 sec. (0.31 ticks)

Problem written to file 'mps/QPLIB_1773.mps'.

Log started (V20.1.0.0) Tue Oct  5 18:15:11 2021


Problem 'lp/QPLIB_1886.lp' read.
Read time = 0.01 sec. (2.20 ticks)

Problem written to file 'mps/QPLIB_1886.mps'.

Log started (V20.1.0.0) Tue Oct  5 18:15:11 2021


Problem 'lp/QPLIB_1913.lp' read.
Read time = 0.01 sec. (1.00 ticks)

Problem written to file 'mps/QPLIB_1913.mps'.

Log started (V20.1.0.0) Tue Oct  5 18:15:11 2021


Problem 'lp/QPLIB_1922.lp' read.
Read time = 0.01 sec. (0.96 ticks)

Problem written to file 'mps/QPLIB_1922.mps'.

Log started (V20.1.0.0) Tue Oct  5 18:15:11 2021


Problem 'lp/QPLIB_1931.lp' read.
Read time = 0.01 sec. (1.14 ticks)

Problem written to file 'mps/QPLIB_1931.mps'.

Log started (V20.1.0.0) Tue Oct  5 18:15:11 2021


Problem 'lp/QPLIB_1940.lp' read.
Read time = 0.01 sec. (1.97 ticks)

Problem written to file 'mps/QPLIB_1940.mps'.

Log started (V20.1.0.0) Tue Oct  5 18:15:11 2021


Problem 'lp/QPLIB_1967.lp' read.
Read time = 0.04 sec. (6.58 ticks)

Problem written to file 'mps/QPLIB_1967.mps'.

Log started (V20.1.0.0) Tue Oct  5 18:15:11 2021


Problem 'lp/QPLIB_1976.lp' read.
Read time = 0.00 sec. (0.14 ticks)

Problem written to file 'mps/QPLIB_1976.mps'.

Log started (V20.1.0.0) Tue Oct  5 18:15:11 2021


Problem 'lp/QPLIB_2017.lp' read.
Read time = 0.00 sec. (0.31 ticks)

Problem written to file 'mps/QPLIB_2017.mps'.

Log started (V20.1.0.0) Tue Oct  5 18:15:11 2021


Problem 'lp/QPLIB_2022.lp' read.
Read time = 0.00 sec. (0.35 ticks)

Problem written to file 'mps/QPLIB_2022.mps'.

Log started (V20.1.0.0) Tue Oct  5 18:15:11 2021


Problem 'lp/QPLIB_2029.lp' read.
Read time = 0.00 sec. (0.40 ticks)

Problem written to file 'mps/QPLIB_2029.mps'.

Log started (V20.1.0.0) Tue Oct  5 18:15:11 2021


Problem 'lp/QPLIB_2036.lp' read.
Read time = 0.00 sec. (0.45 ticks)

Problem written to file 'mps/QPLIB_2036.mps'.

Log started (V20.1.0.0) Tue Oct  5 18:15:11 2021


Problem 'lp/QPLIB_2047.lp' read.
Read time = 0.00 sec. (0.30 ticks)

Problem written to file 'mps/QPLIB_2047.mps'.

Log started (V20.1.0.0) Tue Oct  5 18:15:11 2021


Problem 'lp/QPLIB_2055.lp' read.
Read time = 0.00 sec. (0.36 ticks)

Problem written to file 'mps/QPLIB_2055.mps'.

Log started (V20.1.0.0) Tue Oct  5 18:15:11 2021


Problem 'lp/QPLIB_2060.lp' read.
Read time = 0.00 sec. (0.43 ticks)

Problem written to file 'mps/QPLIB_2060.mps'.

Log started (V20.1.0.0) Tue Oct  5 18:15:11 2021


Problem 'lp/QPLIB_2067.lp' read.
Read time = 0.00 sec. (0.51 ticks)

Problem written to file 'mps/QPLIB_2067.mps'.

Log started (V20.1.0.0) Tue Oct  5 18:15:11 2021


Problem 'lp/QPLIB_2073.lp' read.
Read time = 0.01 sec. (0.58 ticks)

Problem written to file 'mps/QPLIB_2073.mps'.

Log started (V20.1.0.0) Tue Oct  5 18:15:11 2021


Problem 'lp/QPLIB_2077.lp' read.
Read time = 0.01 sec. (0.69 ticks)

Problem written to file 'mps/QPLIB_2077.mps'.

Log started (V20.1.0.0) Tue Oct  5 18:15:11 2021


Problem 'lp/QPLIB_2085.lp' read.
Read time = 0.01 sec. (0.78 ticks)

Problem written to file 'mps/QPLIB_2085.mps'.

Log started (V20.1.0.0) Tue Oct  5 18:15:11 2021


Problem 'lp/QPLIB_2087.lp' read.
Read time = 0.01 sec. (0.90 ticks)

Problem written to file 'mps/QPLIB_2087.mps'.

Log started (V20.1.0.0) Tue Oct  5 18:15:11 2021


Problem 'lp/QPLIB_2096.lp' read.
Read time = 0.01 sec. (1.02 ticks)

Problem written to file 'mps/QPLIB_2096.mps'.

Log started (V20.1.0.0) Tue Oct  5 18:15:11 2021


Problem 'lp/QPLIB_2165.lp' read.
Read time = 0.00 sec. (0.31 ticks)

Problem written to file 'mps/QPLIB_2165.mps'.

Log started (V20.1.0.0) Tue Oct  5 18:15:11 2021


Problem 'lp/QPLIB_2166.lp' read.
Read time = 0.00 sec. (0.13 ticks)

Problem written to file 'mps/QPLIB_2166.mps'.

Log started (V20.1.0.0) Tue Oct  5 18:15:11 2021


Problem 'lp/QPLIB_2167.lp' read.
Read time = 0.00 sec. (0.02 ticks)

Problem written to file 'mps/QPLIB_2167.mps'.

Log started (V20.1.0.0) Tue Oct  5 18:15:11 2021


Problem 'lp/QPLIB_2168.lp' read.
Read time = 0.00 sec. (0.08 ticks)

Problem written to file 'mps/QPLIB_2168.mps'.

Log started (V20.1.0.0) Tue Oct  5 18:15:11 2021


Problem 'lp/QPLIB_2169.lp' read.
Read time = 0.00 sec. (0.13 ticks)

Problem written to file 'mps/QPLIB_2169.mps'.

Log started (V20.1.0.0) Tue Oct  5 18:15:11 2021


Problem 'lp/QPLIB_2170.lp' read.
Read time = 0.01 sec. (0.25 ticks)

Problem written to file 'mps/QPLIB_2170.mps'.

Log started (V20.1.0.0) Tue Oct  5 18:15:11 2021


Problem 'lp/QPLIB_2171.lp' read.
Read time = 0.00 sec. (0.05 ticks)

Problem written to file 'mps/QPLIB_2171.mps'.

Log started (V20.1.0.0) Tue Oct  5 18:15:11 2021


Problem 'lp/QPLIB_2173.lp' read.
Read time = 0.00 sec. (0.08 ticks)

Problem written to file 'mps/QPLIB_2173.mps'.

Log started (V20.1.0.0) Tue Oct  5 18:15:11 2021


Problem 'lp/QPLIB_2174.lp' read.
Read time = 0.01 sec. (0.34 ticks)

Problem written to file 'mps/QPLIB_2174.mps'.

Log started (V20.1.0.0) Tue Oct  5 18:15:11 2021


Problem 'lp/QPLIB_2181.lp' read.
Read time = 0.00 sec. (0.03 ticks)

Problem written to file 'mps/QPLIB_2181.mps'.

Log started (V20.1.0.0) Tue Oct  5 18:15:11 2021


Problem 'lp/QPLIB_2187.lp' read.
Read time = 0.00 sec. (0.04 ticks)

Problem written to file 'mps/QPLIB_2187.mps'.

Log started (V20.1.0.0) Tue Oct  5 18:15:11 2021


Problem 'lp/QPLIB_2192.lp' read.
Read time = 0.00 sec. (0.05 ticks)

Problem written to file 'mps/QPLIB_2192.mps'.

Log started (V20.1.0.0) Tue Oct  5 18:15:12 2021


Problem 'lp/QPLIB_2195.lp' read.
Read time = 0.00 sec. (0.05 ticks)

Problem written to file 'mps/QPLIB_2195.mps'.

Log started (V20.1.0.0) Tue Oct  5 18:15:12 2021


Problem 'lp/QPLIB_2202.lp' read.
Read time = 0.00 sec. (0.03 ticks)

Problem written to file 'mps/QPLIB_2202.mps'.

Log started (V20.1.0.0) Tue Oct  5 18:15:12 2021


Problem 'lp/QPLIB_2203.lp' read.
Read time = 0.00 sec. (0.03 ticks)

Problem written to file 'mps/QPLIB_2203.mps'.

Log started (V20.1.0.0) Tue Oct  5 18:15:12 2021


Problem 'lp/QPLIB_2204.lp' read.
Read time = 0.00 sec. (0.04 ticks)

Problem written to file 'mps/QPLIB_2204.mps'.

Log started (V20.1.0.0) Tue Oct  5 18:15:12 2021


Problem 'lp/QPLIB_2205.lp' read.
Read time = 0.01 sec. (0.44 ticks)

Problem written to file 'mps/QPLIB_2205.mps'.

Log started (V20.1.0.0) Tue Oct  5 18:15:12 2021


Problem 'lp/QPLIB_2206.lp' read.
Read time = 0.00 sec. (0.14 ticks)

Problem written to file 'mps/QPLIB_2206.mps'.

Log started (V20.1.0.0) Tue Oct  5 18:15:12 2021


Problem 'lp/QPLIB_2315.lp' read.
Read time = 0.02 sec. (2.58 ticks)

Problem written to file 'mps/QPLIB_2315.mps'.

Log started (V20.1.0.0) Tue Oct  5 18:15:12 2021


Problem 'lp/QPLIB_2353.lp' read.
Read time = 0.01 sec. (0.95 ticks)

Problem written to file 'mps/QPLIB_2353.mps'.

Log started (V20.1.0.0) Tue Oct  5 18:15:12 2021


Problem 'lp/QPLIB_2357.lp' read.
Read time = 0.00 sec. (0.41 ticks)

Problem written to file 'mps/QPLIB_2357.mps'.

Log started (V20.1.0.0) Tue Oct  5 18:15:12 2021


Problem 'lp/QPLIB_2359.lp' read.
Read time = 0.00 sec. (0.44 ticks)

Problem written to file 'mps/QPLIB_2359.mps'.

Log started (V20.1.0.0) Tue Oct  5 18:15:12 2021


Problem 'lp/QPLIB_2416.lp' read.
Read time = 0.01 sec. (0.59 ticks)

Problem written to file 'mps/QPLIB_2416.mps'.

Log started (V20.1.0.0) Tue Oct  5 18:15:12 2021


Problem 'lp/QPLIB_2430.lp' read.
Read time = 0.00 sec. (0.02 ticks)

Problem written to file 'mps/QPLIB_2430.mps'.

Log started (V20.1.0.0) Tue Oct  5 18:15:12 2021


Problem 'lp/QPLIB_2445.lp' read.
Read time = 0.00 sec. (0.03 ticks)

Problem written to file 'mps/QPLIB_2445.mps'.

Log started (V20.1.0.0) Tue Oct  5 18:15:12 2021


Problem 'lp/QPLIB_2456.lp' read.
Read time = 0.02 sec. (1.34 ticks)

Problem written to file 'mps/QPLIB_2456.mps'.

Log started (V20.1.0.0) Tue Oct  5 18:15:12 2021


Problem 'lp/QPLIB_2468.lp' read.
Read time = 0.06 sec. (4.50 ticks)

Problem written to file 'mps/QPLIB_2468.mps'.

Log started (V20.1.0.0) Tue Oct  5 18:15:13 2021


Problem 'lp/QPLIB_2480.lp' read.
Read time = 0.01 sec. (0.06 ticks)

Problem written to file 'mps/QPLIB_2480.mps'.

Log started (V20.1.0.0) Tue Oct  5 18:15:13 2021


Problem 'lp/QPLIB_2482.lp' read.
Read time = 0.00 sec. (0.27 ticks)

Problem written to file 'mps/QPLIB_2482.mps'.

Log started (V20.1.0.0) Tue Oct  5 18:15:13 2021


Problem 'lp/QPLIB_2483.lp' read.
Read time = 0.00 sec. (0.21 ticks)

Problem written to file 'mps/QPLIB_2483.mps'.

Log started (V20.1.0.0) Tue Oct  5 18:15:13 2021


Problem 'lp/QPLIB_2492.lp' read.
Read time = 0.01 sec. (2.13 ticks)

Problem written to file 'mps/QPLIB_2492.mps'.

Log started (V20.1.0.0) Tue Oct  5 18:15:13 2021


Problem 'lp/QPLIB_2505.lp' read.
Read time = 0.00 sec. (0.13 ticks)

Problem written to file 'mps/QPLIB_2505.mps'.

Log started (V20.1.0.0) Tue Oct  5 18:15:13 2021


Problem 'lp/QPLIB_2512.lp' read.
Read time = 0.00 sec. (0.46 ticks)

Problem written to file 'mps/QPLIB_2512.mps'.

Log started (V20.1.0.0) Tue Oct  5 18:15:13 2021


Problem 'lp/QPLIB_2519.lp' read.
Read time = 0.01 sec. (0.80 ticks)

Problem written to file 'mps/QPLIB_2519.mps'.

Log started (V20.1.0.0) Tue Oct  5 18:15:13 2021


Problem 'lp/QPLIB_2540.lp' read.
Read time = 0.01 sec. (0.07 ticks)

Problem written to file 'mps/QPLIB_2540.mps'.

Log started (V20.1.0.0) Tue Oct  5 18:15:13 2021


Problem 'lp/QPLIB_2546.lp' read.
Read time = 0.00 sec. (0.24 ticks)

Problem written to file 'mps/QPLIB_2546.mps'.

Log started (V20.1.0.0) Tue Oct  5 18:15:13 2021


Problem 'lp/QPLIB_2590.lp' read.
Read time = 0.00 sec. (0.56 ticks)

Problem written to file 'mps/QPLIB_2590.mps'.

Log started (V20.1.0.0) Tue Oct  5 18:15:13 2021


Problem 'lp/QPLIB_2626.lp' read.
Read time = 0.04 sec. (4.29 ticks)

Problem written to file 'mps/QPLIB_2626.mps'.

Log started (V20.1.0.0) Tue Oct  5 18:15:14 2021


Problem 'lp/QPLIB_2635.lp' read.
Read time = 0.01 sec. (0.71 ticks)

Problem written to file 'mps/QPLIB_2635.mps'.

Log started (V20.1.0.0) Tue Oct  5 18:15:14 2021


Problem 'lp/QPLIB_2650.lp' read.
Read time = 0.00 sec. (0.23 ticks)

Problem written to file 'mps/QPLIB_2650.mps'.

Log started (V20.1.0.0) Tue Oct  5 18:15:14 2021


Problem 'lp/QPLIB_2658.lp' read.
Read time = 0.00 sec. (0.03 ticks)

Problem written to file 'mps/QPLIB_2658.mps'.

Log started (V20.1.0.0) Tue Oct  5 18:15:14 2021


Problem 'lp/QPLIB_2676.lp' read.
Read time = 0.01 sec. (0.31 ticks)

Problem written to file 'mps/QPLIB_2676.mps'.

Log started (V20.1.0.0) Tue Oct  5 18:15:14 2021


Problem 'lp/QPLIB_2693.lp' read.
Read time = 0.00 sec. (0.14 ticks)

Problem written to file 'mps/QPLIB_2693.mps'.

Log started (V20.1.0.0) Tue Oct  5 18:15:14 2021


Problem 'lp/QPLIB_2696.lp' read.
Read time = 0.01 sec. (0.90 ticks)

Problem written to file 'mps/QPLIB_2696.mps'.

Log started (V20.1.0.0) Tue Oct  5 18:15:14 2021


Problem 'lp/QPLIB_2698.lp' read.
Read time = 0.00 sec. (0.02 ticks)

Problem written to file 'mps/QPLIB_2698.mps'.

Log started (V20.1.0.0) Tue Oct  5 18:15:14 2021


Problem 'lp/QPLIB_2702.lp' read.
Read time = 0.01 sec. (0.16 ticks)

Problem written to file 'mps/QPLIB_2702.mps'.

Log started (V20.1.0.0) Tue Oct  5 18:15:14 2021


Problem 'lp/QPLIB_2703.lp' read.
Read time = 0.00 sec. (0.13 ticks)

Problem written to file 'mps/QPLIB_2703.mps'.

Log started (V20.1.0.0) Tue Oct  5 18:15:14 2021


Problem 'lp/QPLIB_2707.lp' read.
Read time = 0.00 sec. (0.10 ticks)

Problem written to file 'mps/QPLIB_2707.mps'.

Log started (V20.1.0.0) Tue Oct  5 18:15:14 2021


Problem 'lp/QPLIB_2708.lp' read.
Read time = 0.00 sec. (0.05 ticks)

Problem written to file 'mps/QPLIB_2708.mps'.

Log started (V20.1.0.0) Tue Oct  5 18:15:14 2021


Problem 'lp/QPLIB_2712.lp' read.
Read time = 0.01 sec. (2.65 ticks)

Problem written to file 'mps/QPLIB_2712.mps'.

Log started (V20.1.0.0) Tue Oct  5 18:15:14 2021


Problem 'lp/QPLIB_2714.lp' read.
Read time = 0.01 sec. (0.26 ticks)

Problem written to file 'mps/QPLIB_2714.mps'.

Log started (V20.1.0.0) Tue Oct  5 18:15:14 2021


Problem 'lp/QPLIB_2733.lp' read.
Read time = 0.02 sec. (6.65 ticks)

Problem written to file 'mps/QPLIB_2733.mps'.

Log started (V20.1.0.0) Tue Oct  5 18:15:14 2021


Problem 'lp/QPLIB_2738.lp' read.
Read time = 0.00 sec. (0.03 ticks)

Problem written to file 'mps/QPLIB_2738.mps'.

Log started (V20.1.0.0) Tue Oct  5 18:15:14 2021


Problem 'lp/QPLIB_2758.lp' read.
Read time = 0.00 sec. (0.03 ticks)

Problem written to file 'mps/QPLIB_2758.mps'.

Log started (V20.1.0.0) Tue Oct  5 18:15:14 2021


Problem 'lp/QPLIB_2761.lp' read.
Read time = 0.06 sec. (17.82 ticks)

Problem written to file 'mps/QPLIB_2761.mps'.

Log started (V20.1.0.0) Tue Oct  5 18:15:14 2021


Problem 'lp/QPLIB_2784.lp' read.
Read time = 0.01 sec. (0.67 ticks)

Problem written to file 'mps/QPLIB_2784.mps'.

Log started (V20.1.0.0) Tue Oct  5 18:15:15 2021


Problem 'lp/QPLIB_2819.lp' read.
Read time = 0.00 sec. (0.08 ticks)

Problem written to file 'mps/QPLIB_2819.mps'.

Log started (V20.1.0.0) Tue Oct  5 18:15:15 2021


Problem 'lp/QPLIB_2823.lp' read.
Read time = 0.00 sec. (0.06 ticks)

Problem written to file 'mps/QPLIB_2823.mps'.

Log started (V20.1.0.0) Tue Oct  5 18:15:15 2021


Problem 'lp/QPLIB_2834.lp' read.
Read time = 0.00 sec. (0.03 ticks)

Problem written to file 'mps/QPLIB_2834.mps'.

Log started (V20.1.0.0) Tue Oct  5 18:15:15 2021


Problem 'lp/QPLIB_2862.lp' read.
Read time = 0.08 sec. (11.58 ticks)

Problem written to file 'mps/QPLIB_2862.mps'.

Log started (V20.1.0.0) Tue Oct  5 18:15:18 2021


Problem 'lp/QPLIB_2880.lp' read.
Read time = 0.09 sec. (27.74 ticks)

Problem written to file 'mps/QPLIB_2880.mps'.

Log started (V20.1.0.0) Tue Oct  5 18:15:18 2021


Problem 'lp/QPLIB_2881.lp' read.
Read time = 0.03 sec. (1.38 ticks)

Problem written to file 'mps/QPLIB_2881.mps'.

Log started (V20.1.0.0) Tue Oct  5 18:15:18 2021


Problem 'lp/QPLIB_2882.lp' read.
Read time = 0.00 sec. (0.03 ticks)

Problem written to file 'mps/QPLIB_2882.mps'.

Log started (V20.1.0.0) Tue Oct  5 18:15:18 2021


Problem 'lp/QPLIB_2894.lp' read.
Read time = 0.00 sec. (0.25 ticks)

Problem written to file 'mps/QPLIB_2894.mps'.

Log started (V20.1.0.0) Tue Oct  5 18:15:18 2021


Problem 'lp/QPLIB_2935.lp' read.
Read time = 0.00 sec. (0.03 ticks)

Problem written to file 'mps/QPLIB_2935.mps'.

Log started (V20.1.0.0) Tue Oct  5 18:15:18 2021


Problem 'lp/QPLIB_2957.lp' read.
Read time = 0.03 sec. (9.75 ticks)

Problem written to file 'mps/QPLIB_2957.mps'.

Log started (V20.1.0.0) Tue Oct  5 18:15:19 2021


Problem 'lp/QPLIB_2958.lp' read.
Read time = 0.01 sec. (0.02 ticks)

Problem written to file 'mps/QPLIB_2958.mps'.

Log started (V20.1.0.0) Tue Oct  5 18:15:19 2021


Problem 'lp/QPLIB_2967.lp' read.
Read time = 0.00 sec. (0.08 ticks)

Problem written to file 'mps/QPLIB_2967.mps'.

Log started (V20.1.0.0) Tue Oct  5 18:15:19 2021


Problem 'lp/QPLIB_2981.lp' read.
Read time = 0.01 sec. (0.47 ticks)

Problem written to file 'mps/QPLIB_2981.mps'.

Log started (V20.1.0.0) Tue Oct  5 18:15:19 2021


Problem 'lp/QPLIB_2987.lp' read.
Read time = 0.00 sec. (0.02 ticks)

Problem written to file 'mps/QPLIB_2987.mps'.

Log started (V20.1.0.0) Tue Oct  5 18:15:19 2021


Problem 'lp/QPLIB_2993.lp' read.
Read time = 0.00 sec. (0.03 ticks)

Problem written to file 'mps/QPLIB_2993.mps'.

Log started (V20.1.0.0) Tue Oct  5 18:15:19 2021


Problem 'lp/QPLIB_3029.lp' read.
Read time = 0.01 sec. (0.82 ticks)

Problem written to file 'mps/QPLIB_3029.mps'.

Log started (V20.1.0.0) Tue Oct  5 18:15:19 2021


Problem 'lp/QPLIB_3034.lp' read.
Read time = 0.01 sec. (0.21 ticks)

Problem written to file 'mps/QPLIB_3034.mps'.

Log started (V20.1.0.0) Tue Oct  5 18:15:19 2021


Problem 'lp/QPLIB_3049.lp' read.
Read time = 0.02 sec. (2.24 ticks)

Problem written to file 'mps/QPLIB_3049.mps'.

Log started (V20.1.0.0) Tue Oct  5 18:15:19 2021


Problem 'lp/QPLIB_3060.lp' read.
Read time = 0.01 sec. (0.14 ticks)

Problem written to file 'mps/QPLIB_3060.mps'.

Log started (V20.1.0.0) Tue Oct  5 18:15:19 2021


Problem 'lp/QPLIB_3080.lp' read.
Read time = 0.01 sec. (1.01 ticks)

Problem written to file 'mps/QPLIB_3080.mps'.

Log started (V20.1.0.0) Tue Oct  5 18:15:19 2021


Problem 'lp/QPLIB_3083.lp' read.
Read time = 0.00 sec. (0.03 ticks)

Problem written to file 'mps/QPLIB_3083.mps'.

Log started (V20.1.0.0) Tue Oct  5 18:15:19 2021


Problem 'lp/QPLIB_3088.lp' read.
Read time = 0.01 sec. (0.59 ticks)

Problem written to file 'mps/QPLIB_3088.mps'.

Log started (V20.1.0.0) Tue Oct  5 18:15:19 2021


Problem 'lp/QPLIB_3089.lp' read.
Read time = 0.00 sec. (0.03 ticks)

Problem written to file 'mps/QPLIB_3089.mps'.

Log started (V20.1.0.0) Tue Oct  5 18:15:19 2021


Problem 'lp/QPLIB_3105.lp' read.
Read time = 0.04 sec. (4.19 ticks)

Problem written to file 'mps/QPLIB_3105.mps'.

Log started (V20.1.0.0) Tue Oct  5 18:15:20 2021


Problem 'lp/QPLIB_3120.lp' read.
Read time = 0.01 sec. (0.17 ticks)

Problem written to file 'mps/QPLIB_3120.mps'.

Log started (V20.1.0.0) Tue Oct  5 18:15:20 2021


Problem 'lp/QPLIB_3122.lp' read.
Read time = 0.05 sec. (6.08 ticks)

Problem written to file 'mps/QPLIB_3122.mps'.

Log started (V20.1.0.0) Tue Oct  5 18:15:20 2021


Problem 'lp/QPLIB_3147.lp' read.
Read time = 0.01 sec. (0.08 ticks)

Problem written to file 'mps/QPLIB_3147.mps'.

Log started (V20.1.0.0) Tue Oct  5 18:15:20 2021


Problem 'lp/QPLIB_3170.lp' read.
Read time = 0.00 sec. (0.15 ticks)

Problem written to file 'mps/QPLIB_3170.mps'.

Log started (V20.1.0.0) Tue Oct  5 18:15:20 2021


Problem 'lp/QPLIB_3177.lp' read.
Read time = 0.01 sec. (0.30 ticks)

Problem written to file 'mps/QPLIB_3177.mps'.

Log started (V20.1.0.0) Tue Oct  5 18:15:20 2021


Problem 'lp/QPLIB_3181.lp' read.
Read time = 0.00 sec. (0.03 ticks)

Problem written to file 'mps/QPLIB_3181.mps'.

Log started (V20.1.0.0) Tue Oct  5 18:15:20 2021


Problem 'lp/QPLIB_3185.lp' read.
Read time = 0.03 sec. (3.70 ticks)

Problem written to file 'mps/QPLIB_3185.mps'.

Log started (V20.1.0.0) Tue Oct  5 18:15:21 2021


Problem 'lp/QPLIB_3192.lp' read.
Read time = 0.01 sec. (0.11 ticks)

Problem written to file 'mps/QPLIB_3192.mps'.

Log started (V20.1.0.0) Tue Oct  5 18:15:21 2021


Problem 'lp/QPLIB_3225.lp' read.
Read time = 0.00 sec. (0.03 ticks)

Problem written to file 'mps/QPLIB_3225.mps'.

Log started (V20.1.0.0) Tue Oct  5 18:15:21 2021


Problem 'lp/QPLIB_3240.lp' read.
Read time = 0.00 sec. (0.06 ticks)

Problem written to file 'mps/QPLIB_3240.mps'.

Log started (V20.1.0.0) Tue Oct  5 18:15:21 2021


Problem 'lp/QPLIB_3247.lp' read.
Read time = 0.00 sec. (0.24 ticks)

Problem written to file 'mps/QPLIB_3247.mps'.

Log started (V20.1.0.0) Tue Oct  5 18:15:21 2021


Problem 'lp/QPLIB_3279.lp' read.
Read time = 0.00 sec. (0.02 ticks)

Problem written to file 'mps/QPLIB_3279.mps'.

Log started (V20.1.0.0) Tue Oct  5 18:15:21 2021


Problem 'lp/QPLIB_3297.lp' read.
Read time = 0.02 sec. (2.45 ticks)

Problem written to file 'mps/QPLIB_3297.mps'.

Log started (V20.1.0.0) Tue Oct  5 18:15:21 2021


Problem 'lp/QPLIB_3307.lp' read.
Read time = 0.01 sec. (2.61 ticks)

Problem written to file 'mps/QPLIB_3307.mps'.

Log started (V20.1.0.0) Tue Oct  5 18:15:21 2021


Problem 'lp/QPLIB_3312.lp' read.
Read time = 0.09 sec. (13.06 ticks)

Problem written to file 'mps/QPLIB_3312.mps'.

Log started (V20.1.0.0) Tue Oct  5 18:15:25 2021


Problem 'lp/QPLIB_3318.lp' read.
Read time = 0.01 sec. (0.54 ticks)

Problem written to file 'mps/QPLIB_3318.mps'.

Log started (V20.1.0.0) Tue Oct  5 18:15:25 2021


Problem 'lp/QPLIB_3326.lp' read.
Read time = 0.01 sec. (0.41 ticks)

Problem written to file 'mps/QPLIB_3326.mps'.

Log started (V20.1.0.0) Tue Oct  5 18:15:25 2021


Problem 'lp/QPLIB_3334.lp' read.
Read time = 0.00 sec. (0.18 ticks)

Problem written to file 'mps/QPLIB_3334.mps'.

Log started (V20.1.0.0) Tue Oct  5 18:15:25 2021


Problem 'lp/QPLIB_3337.lp' read.
Read time = 0.00 sec. (0.03 ticks)

Problem written to file 'mps/QPLIB_3337.mps'.

Log started (V20.1.0.0) Tue Oct  5 18:15:25 2021


Problem 'lp/QPLIB_3338.lp' read.
Read time = 0.00 sec. (0.07 ticks)

Problem written to file 'mps/QPLIB_3338.mps'.

Log started (V20.1.0.0) Tue Oct  5 18:15:25 2021


Problem 'lp/QPLIB_3347.lp' read.
Read time = 0.10 sec. (29.80 ticks)

Problem written to file 'mps/QPLIB_3347.mps'.

Log started (V20.1.0.0) Tue Oct  5 18:15:25 2021


Problem 'lp/QPLIB_3358.lp' read.
Read time = 0.01 sec. (0.02 ticks)

Problem written to file 'mps/QPLIB_3358.mps'.

Log started (V20.1.0.0) Tue Oct  5 18:15:25 2021


Problem 'lp/QPLIB_3361.lp' read.
Read time = 0.07 sec. (23.37 ticks)

Problem written to file 'mps/QPLIB_3361.mps'.

Log started (V20.1.0.0) Tue Oct  5 18:15:26 2021


Problem 'lp/QPLIB_3369.lp' read.
Read time = 0.01 sec. (0.09 ticks)

Problem written to file 'mps/QPLIB_3369.mps'.

Log started (V20.1.0.0) Tue Oct  5 18:15:26 2021


Problem 'lp/QPLIB_3380.lp' read.
Read time = 0.02 sec. (2.31 ticks)

Problem written to file 'mps/QPLIB_3380.mps'.

Log started (V20.1.0.0) Tue Oct  5 18:15:26 2021


Problem 'lp/QPLIB_3385.lp' read.
Read time = 0.00 sec. (0.02 ticks)

Problem written to file 'mps/QPLIB_3385.mps'.

Log started (V20.1.0.0) Tue Oct  5 18:15:26 2021


Problem 'lp/QPLIB_3387.lp' read.
Read time = 0.00 sec. (0.03 ticks)

Problem written to file 'mps/QPLIB_3387.mps'.

Log started (V20.1.0.0) Tue Oct  5 18:15:26 2021


Problem 'lp/QPLIB_3402.lp' read.
Read time = 0.00 sec. (1.02 ticks)

Problem written to file 'mps/QPLIB_3402.mps'.

Log started (V20.1.0.0) Tue Oct  5 18:15:26 2021


Problem 'lp/QPLIB_3413.lp' read.
Read time = 0.00 sec. (0.79 ticks)

Problem written to file 'mps/QPLIB_3413.mps'.

Log started (V20.1.0.0) Tue Oct  5 18:15:26 2021


Problem 'lp/QPLIB_3416.lp' read.
Read time = 0.00 sec. (0.07 ticks)

Problem written to file 'mps/QPLIB_3416.mps'.

Log started (V20.1.0.0) Tue Oct  5 18:15:26 2021


Problem 'lp/QPLIB_3496.lp' read.
Read time = 0.00 sec. (0.10 ticks)

Problem written to file 'mps/QPLIB_3496.mps'.

Log started (V20.1.0.0) Tue Oct  5 18:15:26 2021


Problem 'lp/QPLIB_3502.lp' read.
Read time = 0.02 sec. (2.95 ticks)

Problem written to file 'mps/QPLIB_3502.mps'.

Log started (V20.1.0.0) Tue Oct  5 18:15:26 2021


Problem 'lp/QPLIB_3505.lp' read.
Read time = 0.02 sec. (1.15 ticks)

Problem written to file 'mps/QPLIB_3505.mps'.

Log started (V20.1.0.0) Tue Oct  5 18:15:26 2021


Problem 'lp/QPLIB_3506.lp' read.
Read time = 0.00 sec. (0.10 ticks)

Problem written to file 'mps/QPLIB_3506.mps'.

Log started (V20.1.0.0) Tue Oct  5 18:15:26 2021


Problem 'lp/QPLIB_3508.lp' read.
Read time = 0.01 sec. (0.80 ticks)

Problem written to file 'mps/QPLIB_3508.mps'.

Log started (V20.1.0.0) Tue Oct  5 18:15:26 2021


Problem 'lp/QPLIB_3510.lp' read.
Read time = 0.00 sec. (0.36 ticks)

Problem written to file 'mps/QPLIB_3510.mps'.

Log started (V20.1.0.0) Tue Oct  5 18:15:26 2021


Problem 'lp/QPLIB_3511.lp' read.
Read time = 0.01 sec. (1.04 ticks)

Problem written to file 'mps/QPLIB_3511.mps'.

Log started (V20.1.0.0) Tue Oct  5 18:15:26 2021


Problem 'lp/QPLIB_3512.lp' read.
Read time = 0.00 sec. (0.04 ticks)

Problem written to file 'mps/QPLIB_3512.mps'.

Log started (V20.1.0.0) Tue Oct  5 18:15:26 2021


Problem 'lp/QPLIB_3513.lp' read.
Read time = 0.01 sec. (0.59 ticks)

Problem written to file 'mps/QPLIB_3513.mps'.

Log started (V20.1.0.0) Tue Oct  5 18:15:27 2021


Problem 'lp/QPLIB_3514.lp' read.
Read time = 0.00 sec. (0.31 ticks)

Problem written to file 'mps/QPLIB_3514.mps'.

Log started (V20.1.0.0) Tue Oct  5 18:15:27 2021


Problem 'lp/QPLIB_3515.lp' read.
Read time = 0.00 sec. (0.16 ticks)

Problem written to file 'mps/QPLIB_3515.mps'.

Log started (V20.1.0.0) Tue Oct  5 18:15:27 2021


Problem 'lp/QPLIB_3522.lp' read.
Read time = 0.00 sec. (0.09 ticks)

Problem written to file 'mps/QPLIB_3522.mps'.

Log started (V20.1.0.0) Tue Oct  5 18:15:27 2021


Problem 'lp/QPLIB_3523.lp' read.
Read time = 0.00 sec. (0.34 ticks)

Problem written to file 'mps/QPLIB_3523.mps'.

Log started (V20.1.0.0) Tue Oct  5 18:15:27 2021


Problem 'lp/QPLIB_3524.lp' read.
Read time = 0.00 sec. (0.30 ticks)

Problem written to file 'mps/QPLIB_3524.mps'.

Log started (V20.1.0.0) Tue Oct  5 18:15:27 2021


Problem 'lp/QPLIB_3525.lp' read.
Read time = 0.01 sec. (0.50 ticks)

Problem written to file 'mps/QPLIB_3525.mps'.

Log started (V20.1.0.0) Tue Oct  5 18:15:27 2021


Problem 'lp/QPLIB_3529.lp' read.
Read time = 0.00 sec. (0.23 ticks)

Problem written to file 'mps/QPLIB_3529.mps'.

Log started (V20.1.0.0) Tue Oct  5 18:15:27 2021


Problem 'lp/QPLIB_3533.lp' read.
Read time = 0.00 sec. (0.04 ticks)

Problem written to file 'mps/QPLIB_3533.mps'.

Log started (V20.1.0.0) Tue Oct  5 18:15:27 2021


Problem 'lp/QPLIB_3547.lp' read.
Read time = 0.00 sec. (0.33 ticks)

Problem written to file 'mps/QPLIB_3547.mps'.

Log started (V20.1.0.0) Tue Oct  5 18:15:27 2021


Problem 'lp/QPLIB_3549.lp' read.
Read time = 0.01 sec. (0.32 ticks)

Problem written to file 'mps/QPLIB_3549.mps'.

Log started (V20.1.0.0) Tue Oct  5 18:15:27 2021


Problem 'lp/QPLIB_3554.lp' read.
Read time = 0.01 sec. (2.24 ticks)

Problem written to file 'mps/QPLIB_3554.mps'.

Log started (V20.1.0.0) Tue Oct  5 18:15:27 2021


Problem 'lp/QPLIB_3562.lp' read.
Read time = 0.00 sec. (0.01 ticks)

Problem written to file 'mps/QPLIB_3562.mps'.

Log started (V20.1.0.0) Tue Oct  5 18:15:27 2021


Problem 'lp/QPLIB_3565.lp' read.
Read time = 0.00 sec. (0.06 ticks)

Problem written to file 'mps/QPLIB_3565.mps'.

Log started (V20.1.0.0) Tue Oct  5 18:15:27 2021


Problem 'lp/QPLIB_3580.lp' read.
Read time = 0.00 sec. (0.01 ticks)

Problem written to file 'mps/QPLIB_3580.mps'.

Log started (V20.1.0.0) Tue Oct  5 18:15:27 2021


Problem 'lp/QPLIB_3582.lp' read.
Read time = 0.00 sec. (0.02 ticks)

Problem written to file 'mps/QPLIB_3582.mps'.

Log started (V20.1.0.0) Tue Oct  5 18:15:27 2021


Problem 'lp/QPLIB_3584.lp' read.
Read time = 0.02 sec. (2.16 ticks)

Problem written to file 'mps/QPLIB_3584.mps'.

Log started (V20.1.0.0) Tue Oct  5 18:15:27 2021


Problem 'lp/QPLIB_3587.lp' read.
Read time = 0.01 sec. (0.40 ticks)

Problem written to file 'mps/QPLIB_3587.mps'.

Log started (V20.1.0.0) Tue Oct  5 18:15:27 2021


Problem 'lp/QPLIB_3588.lp' read.
Read time = 0.00 sec. (0.25 ticks)

Problem written to file 'mps/QPLIB_3588.mps'.

Log started (V20.1.0.0) Tue Oct  5 18:15:27 2021


Problem 'lp/QPLIB_3592.lp' read.
Read time = 0.01 sec. (0.62 ticks)

Problem written to file 'mps/QPLIB_3592.mps'.

Log started (V20.1.0.0) Tue Oct  5 18:15:27 2021


Problem 'lp/QPLIB_3596.lp' read.
Read time = 0.00 sec. (0.12 ticks)

Problem written to file 'mps/QPLIB_3596.mps'.

Log started (V20.1.0.0) Tue Oct  5 18:15:27 2021


Problem 'lp/QPLIB_3600.lp' read.
Read time = 0.00 sec. (0.01 ticks)

Problem written to file 'mps/QPLIB_3600.mps'.

Log started (V20.1.0.0) Tue Oct  5 18:15:27 2021


Problem 'lp/QPLIB_3605.lp' read.
Read time = 0.01 sec. (0.45 ticks)

Problem written to file 'mps/QPLIB_3605.mps'.

Log started (V20.1.0.0) Tue Oct  5 18:15:27 2021


Problem 'lp/QPLIB_3614.lp' read.
Read time = 0.00 sec. (0.30 ticks)

Problem written to file 'mps/QPLIB_3614.mps'.

Log started (V20.1.0.0) Tue Oct  5 18:15:27 2021


Problem 'lp/QPLIB_3620.lp' read.
Read time = 0.01 sec. (1.10 ticks)

Problem written to file 'mps/QPLIB_3620.mps'.

Log started (V20.1.0.0) Tue Oct  5 18:15:27 2021


Problem 'lp/QPLIB_3621.lp' read.
Read time = 0.02 sec. (0.49 ticks)

Problem written to file 'mps/QPLIB_3621.mps'.

Log started (V20.1.0.0) Tue Oct  5 18:15:27 2021


Problem 'lp/QPLIB_3622.lp' read.
Read time = 0.00 sec. (0.35 ticks)

Problem written to file 'mps/QPLIB_3622.mps'.

Log started (V20.1.0.0) Tue Oct  5 18:15:27 2021


Problem 'lp/QPLIB_3624.lp' read.
Read time = 0.01 sec. (1.76 ticks)

Problem written to file 'mps/QPLIB_3624.mps'.

Log started (V20.1.0.0) Tue Oct  5 18:15:27 2021


Problem 'lp/QPLIB_3625.lp' read.
Read time = 0.01 sec. (0.09 ticks)

Problem written to file 'mps/QPLIB_3625.mps'.

Log started (V20.1.0.0) Tue Oct  5 18:15:27 2021


Problem 'lp/QPLIB_3631.lp' read.
Read time = 0.00 sec. (0.06 ticks)

Problem written to file 'mps/QPLIB_3631.mps'.

Log started (V20.1.0.0) Tue Oct  5 18:15:27 2021


Problem 'lp/QPLIB_3642.lp' read.
Read time = 0.00 sec. (0.21 ticks)

Problem written to file 'mps/QPLIB_3642.mps'.

Log started (V20.1.0.0) Tue Oct  5 18:15:27 2021


Problem 'lp/QPLIB_3643.lp' read.
Read time = 0.00 sec. (0.12 ticks)

Problem written to file 'mps/QPLIB_3643.mps'.

Log started (V20.1.0.0) Tue Oct  5 18:15:27 2021


Problem 'lp/QPLIB_3645.lp' read.
Read time = 0.01 sec. (0.31 ticks)

Problem written to file 'mps/QPLIB_3645.mps'.

Log started (V20.1.0.0) Tue Oct  5 18:15:27 2021


Problem 'lp/QPLIB_3646.lp' read.
Read time = 0.00 sec. (0.35 ticks)

Problem written to file 'mps/QPLIB_3646.mps'.

Log started (V20.1.0.0) Tue Oct  5 18:15:28 2021


Problem 'lp/QPLIB_3648.lp' read.
Read time = 0.00 sec. (0.07 ticks)

Problem written to file 'mps/QPLIB_3648.mps'.

Log started (V20.1.0.0) Tue Oct  5 18:15:28 2021


Problem 'lp/QPLIB_3650.lp' read.
Read time = 0.00 sec. (0.19 ticks)

Problem written to file 'mps/QPLIB_3650.mps'.

Log started (V20.1.0.0) Tue Oct  5 18:15:28 2021


Problem 'lp/QPLIB_3651.lp' read.
Read time = 0.01 sec. (0.71 ticks)

Problem written to file 'mps/QPLIB_3651.mps'.

Log started (V20.1.0.0) Tue Oct  5 18:15:28 2021


Problem 'lp/QPLIB_3659.lp' read.
Read time = 0.01 sec. (0.88 ticks)

Problem written to file 'mps/QPLIB_3659.mps'.

Log started (V20.1.0.0) Tue Oct  5 18:15:28 2021


Problem 'lp/QPLIB_3661.lp' read.
Read time = 0.03 sec. (4.53 ticks)

Problem written to file 'mps/QPLIB_3661.mps'.

Log started (V20.1.0.0) Tue Oct  5 18:15:29 2021


Problem 'lp/QPLIB_3662.lp' read.
Read time = 0.00 sec. (0.01 ticks)

Problem written to file 'mps/QPLIB_3662.mps'.

Log started (V20.1.0.0) Tue Oct  5 18:15:29 2021


Problem 'lp/QPLIB_3670.lp' read.
Read time = 0.01 sec. (0.08 ticks)

Problem written to file 'mps/QPLIB_3670.mps'.

Log started (V20.1.0.0) Tue Oct  5 18:15:29 2021


Problem 'lp/QPLIB_3676.lp' read.
Read time = 0.03 sec. (3.03 ticks)

Problem written to file 'mps/QPLIB_3676.mps'.

Log started (V20.1.0.0) Tue Oct  5 18:15:29 2021


Problem 'lp/QPLIB_3677.lp' read.
Read time = 0.02 sec. (1.64 ticks)

Problem written to file 'mps/QPLIB_3677.mps'.

Log started (V20.1.0.0) Tue Oct  5 18:15:29 2021


Problem 'lp/QPLIB_3678.lp' read.
Read time = 0.01 sec. (0.59 ticks)

Problem written to file 'mps/QPLIB_3678.mps'.

Log started (V20.1.0.0) Tue Oct  5 18:15:29 2021


Problem 'lp/QPLIB_3680.lp' read.
Read time = 0.00 sec. (0.01 ticks)

Problem written to file 'mps/QPLIB_3680.mps'.

Log started (V20.1.0.0) Tue Oct  5 18:15:29 2021


Problem 'lp/QPLIB_3683.lp' read.
Read time = 0.00 sec. (0.01 ticks)

Problem written to file 'mps/QPLIB_3683.mps'.

Log started (V20.1.0.0) Tue Oct  5 18:15:29 2021


Problem 'lp/QPLIB_3690.lp' read.
Read time = 0.01 sec. (1.64 ticks)

Problem written to file 'mps/QPLIB_3690.mps'.

Log started (V20.1.0.0) Tue Oct  5 18:15:30 2021


Problem 'lp/QPLIB_3692.lp' read.
Read time = 0.00 sec. (0.16 ticks)

Problem written to file 'mps/QPLIB_3692.mps'.

Log started (V20.1.0.0) Tue Oct  5 18:15:30 2021


Problem 'lp/QPLIB_3693.lp' read.
Read time = 0.00 sec. (0.23 ticks)

Problem written to file 'mps/QPLIB_3693.mps'.

Log started (V20.1.0.0) Tue Oct  5 18:15:30 2021


Problem 'lp/QPLIB_3694.lp' read.
Read time = 0.01 sec. (0.52 ticks)

Problem written to file 'mps/QPLIB_3694.mps'.

Log started (V20.1.0.0) Tue Oct  5 18:15:30 2021


Problem 'lp/QPLIB_3697.lp' read.
Read time = 0.00 sec. (0.02 ticks)

Problem written to file 'mps/QPLIB_3697.mps'.

Log started (V20.1.0.0) Tue Oct  5 18:15:30 2021


Problem 'lp/QPLIB_3698.lp' read.
Read time = 0.00 sec. (0.48 ticks)

Problem written to file 'mps/QPLIB_3698.mps'.

Log started (V20.1.0.0) Tue Oct  5 18:15:30 2021


Problem 'lp/QPLIB_3699.lp' read.
Read time = 0.00 sec. (0.17 ticks)

Problem written to file 'mps/QPLIB_3699.mps'.

Log started (V20.1.0.0) Tue Oct  5 18:15:30 2021


Problem 'lp/QPLIB_3701.lp' read.
Read time = 0.00 sec. (0.10 ticks)

Problem written to file 'mps/QPLIB_3701.mps'.

Log started (V20.1.0.0) Tue Oct  5 18:15:30 2021


Problem 'lp/QPLIB_3703.lp' read.
Read time = 0.01 sec. (2.87 ticks)

Problem written to file 'mps/QPLIB_3703.mps'.

Log started (V20.1.0.0) Tue Oct  5 18:15:30 2021


Problem 'lp/QPLIB_3705.lp' read.
Read time = 0.00 sec. (0.08 ticks)

Problem written to file 'mps/QPLIB_3705.mps'.

Log started (V20.1.0.0) Tue Oct  5 18:15:30 2021


Problem 'lp/QPLIB_3706.lp' read.
Read time = 0.00 sec. (0.14 ticks)

Problem written to file 'mps/QPLIB_3706.mps'.

Log started (V20.1.0.0) Tue Oct  5 18:15:30 2021


Problem 'lp/QPLIB_3708.lp' read.
Read time = 0.01 sec. (1.65 ticks)

Problem written to file 'mps/QPLIB_3708.mps'.

Log started (V20.1.0.0) Tue Oct  5 18:15:30 2021


Problem 'lp/QPLIB_3709.lp' read.
Read time = 0.08 sec. (24.84 ticks)

Problem written to file 'mps/QPLIB_3709.mps'.

Log started (V20.1.0.0) Tue Oct  5 18:15:30 2021


Problem 'lp/QPLIB_3713.lp' read.
Read time = 0.00 sec. (0.06 ticks)

Problem written to file 'mps/QPLIB_3713.mps'.

Log started (V20.1.0.0) Tue Oct  5 18:15:30 2021


Problem 'lp/QPLIB_3714.lp' read.
Read time = 0.00 sec. (0.25 ticks)

Problem written to file 'mps/QPLIB_3714.mps'.

Log started (V20.1.0.0) Tue Oct  5 18:15:30 2021


Problem 'lp/QPLIB_3719.lp' read.
Read time = 0.00 sec. (0.01 ticks)

Problem written to file 'mps/QPLIB_3719.mps'.

Log started (V20.1.0.0) Tue Oct  5 18:15:30 2021


Problem 'lp/QPLIB_3725.lp' read.
Read time = 0.00 sec. (0.30 ticks)

Problem written to file 'mps/QPLIB_3725.mps'.

Log started (V20.1.0.0) Tue Oct  5 18:15:30 2021


Problem 'lp/QPLIB_3726.lp' read.
Read time = 0.00 sec. (0.22 ticks)

Problem written to file 'mps/QPLIB_3726.mps'.

Log started (V20.1.0.0) Tue Oct  5 18:15:30 2021


Problem 'lp/QPLIB_3727.lp' read.
Read time = 0.00 sec. (0.27 ticks)

Problem written to file 'mps/QPLIB_3727.mps'.

Log started (V20.1.0.0) Tue Oct  5 18:15:30 2021


Problem 'lp/QPLIB_3728.lp' read.
Read time = 0.00 sec. (0.01 ticks)

Problem written to file 'mps/QPLIB_3728.mps'.

Log started (V20.1.0.0) Tue Oct  5 18:15:30 2021


Problem 'lp/QPLIB_3729.lp' read.
Read time = 0.00 sec. (0.26 ticks)

Problem written to file 'mps/QPLIB_3729.mps'.

Log started (V20.1.0.0) Tue Oct  5 18:15:30 2021


Problem 'lp/QPLIB_3733.lp' read.
Read time = 0.00 sec. (0.06 ticks)

Problem written to file 'mps/QPLIB_3733.mps'.

Log started (V20.1.0.0) Tue Oct  5 18:15:30 2021


Problem 'lp/QPLIB_3734.lp' read.
Read time = 0.02 sec. (1.80 ticks)

Problem written to file 'mps/QPLIB_3734.mps'.

Log started (V20.1.0.0) Tue Oct  5 18:15:31 2021


Problem 'lp/QPLIB_3738.lp' read.
Read time = 0.00 sec. (0.09 ticks)

Problem written to file 'mps/QPLIB_3738.mps'.

Log started (V20.1.0.0) Tue Oct  5 18:15:31 2021


Problem 'lp/QPLIB_3745.lp' read.
Read time = 0.00 sec. (0.07 ticks)

Problem written to file 'mps/QPLIB_3745.mps'.

Log started (V20.1.0.0) Tue Oct  5 18:15:31 2021


Problem 'lp/QPLIB_3748.lp' read.
Read time = 0.01 sec. (0.01 ticks)

Problem written to file 'mps/QPLIB_3748.mps'.

Log started (V20.1.0.0) Tue Oct  5 18:15:31 2021


Problem 'lp/QPLIB_3750.lp' read.
Read time = 0.01 sec. (0.85 ticks)

Problem written to file 'mps/QPLIB_3750.mps'.

Log started (V20.1.0.0) Tue Oct  5 18:15:31 2021


Problem 'lp/QPLIB_3751.lp' read.
Read time = 0.01 sec. (0.42 ticks)

Problem written to file 'mps/QPLIB_3751.mps'.

Log started (V20.1.0.0) Tue Oct  5 18:15:31 2021


Problem 'lp/QPLIB_3752.lp' read.
Read time = 0.01 sec. (0.91 ticks)

Problem written to file 'mps/QPLIB_3752.mps'.

Log started (V20.1.0.0) Tue Oct  5 18:15:31 2021


Problem 'lp/QPLIB_3757.lp' read.
Read time = 0.02 sec. (0.81 ticks)

Problem written to file 'mps/QPLIB_3757.mps'.

Log started (V20.1.0.0) Tue Oct  5 18:15:31 2021


Problem 'lp/QPLIB_3762.lp' read.
Read time = 0.01 sec. (0.15 ticks)

Problem written to file 'mps/QPLIB_3762.mps'.

Log started (V20.1.0.0) Tue Oct  5 18:15:31 2021


Problem 'lp/QPLIB_3772.lp' read.
Read time = 0.01 sec. (0.65 ticks)

Problem written to file 'mps/QPLIB_3772.mps'.

Log started (V20.1.0.0) Tue Oct  5 18:15:31 2021


Problem 'lp/QPLIB_3775.lp' read.
Read time = 0.01 sec. (0.59 ticks)

Problem written to file 'mps/QPLIB_3775.mps'.

Log started (V20.1.0.0) Tue Oct  5 18:15:31 2021


Problem 'lp/QPLIB_3780.lp' read.
Read time = 0.00 sec. (0.02 ticks)

Problem written to file 'mps/QPLIB_3780.mps'.

Log started (V20.1.0.0) Tue Oct  5 18:15:31 2021


Problem 'lp/QPLIB_3785.lp' read.
Read time = 0.01 sec. (0.02 ticks)

Problem written to file 'mps/QPLIB_3785.mps'.

Log started (V20.1.0.0) Tue Oct  5 18:15:31 2021


Problem 'lp/QPLIB_3790.lp' read.
Read time = 0.01 sec. (0.54 ticks)

Problem written to file 'mps/QPLIB_3790.mps'.

Log started (V20.1.0.0) Tue Oct  5 18:15:31 2021


Problem 'lp/QPLIB_3792.lp' read.
Read time = 0.01 sec. (0.48 ticks)

Problem written to file 'mps/QPLIB_3792.mps'.

Log started (V20.1.0.0) Tue Oct  5 18:15:31 2021


Problem 'lp/QPLIB_3794.lp' read.
Read time = 0.00 sec. (0.32 ticks)

Problem written to file 'mps/QPLIB_3794.mps'.

Log started (V20.1.0.0) Tue Oct  5 18:15:31 2021


Problem 'lp/QPLIB_3797.lp' read.
Read time = 0.00 sec. (0.06 ticks)

Problem written to file 'mps/QPLIB_3797.mps'.

Log started (V20.1.0.0) Tue Oct  5 18:15:31 2021


Problem 'lp/QPLIB_3798.lp' read.
Read time = 0.00 sec. (0.12 ticks)

Problem written to file 'mps/QPLIB_3798.mps'.

Log started (V20.1.0.0) Tue Oct  5 18:15:31 2021


Problem 'lp/QPLIB_3803.lp' read.
Read time = 0.01 sec. (0.44 ticks)

Problem written to file 'mps/QPLIB_3803.mps'.

Log started (V20.1.0.0) Tue Oct  5 18:15:31 2021


Problem 'lp/QPLIB_3809.lp' read.
Read time = 0.00 sec. (0.02 ticks)

Problem written to file 'mps/QPLIB_3809.mps'.

Log started (V20.1.0.0) Tue Oct  5 18:15:31 2021


Problem 'lp/QPLIB_3813.lp' read.
Read time = 0.01 sec. (0.45 ticks)

Problem written to file 'mps/QPLIB_3813.mps'.

Log started (V20.1.0.0) Tue Oct  5 18:15:31 2021


Problem 'lp/QPLIB_3814.lp' read.
Read time = 0.00 sec. (0.01 ticks)

Problem written to file 'mps/QPLIB_3814.mps'.

Log started (V20.1.0.0) Tue Oct  5 18:15:31 2021


Problem 'lp/QPLIB_3815.lp' read.
Read time = 0.00 sec. (0.06 ticks)

Problem written to file 'mps/QPLIB_3815.mps'.

Log started (V20.1.0.0) Tue Oct  5 18:15:31 2021


Problem 'lp/QPLIB_3816.lp' read.
Read time = 0.00 sec. (0.04 ticks)

Problem written to file 'mps/QPLIB_3816.mps'.

Log started (V20.1.0.0) Tue Oct  5 18:15:31 2021


Problem 'lp/QPLIB_3822.lp' read.
Read time = 0.00 sec. (0.18 ticks)

Problem written to file 'mps/QPLIB_3822.mps'.

Log started (V20.1.0.0) Tue Oct  5 18:15:31 2021


Problem 'lp/QPLIB_3825.lp' read.
Read time = 0.00 sec. (0.15 ticks)

Problem written to file 'mps/QPLIB_3825.mps'.

Log started (V20.1.0.0) Tue Oct  5 18:15:31 2021


Problem 'lp/QPLIB_3832.lp' read.
Read time = 0.00 sec. (0.12 ticks)

Problem written to file 'mps/QPLIB_3832.mps'.

Log started (V20.1.0.0) Tue Oct  5 18:15:31 2021


Problem 'lp/QPLIB_3834.lp' read.
Read time = 0.00 sec. (0.14 ticks)

Problem written to file 'mps/QPLIB_3834.mps'.

Log started (V20.1.0.0) Tue Oct  5 18:15:31 2021


Problem 'lp/QPLIB_3838.lp' read.
Read time = 0.00 sec. (0.16 ticks)

Problem written to file 'mps/QPLIB_3838.mps'.

Log started (V20.1.0.0) Tue Oct  5 18:15:31 2021


Problem 'lp/QPLIB_3840.lp' read.
Read time = 0.01 sec. (1.12 ticks)

Problem written to file 'mps/QPLIB_3840.mps'.

Log started (V20.1.0.0) Tue Oct  5 18:15:31 2021


Problem 'lp/QPLIB_3841.lp' read.
Read time = 0.01 sec. (0.86 ticks)

Problem written to file 'mps/QPLIB_3841.mps'.

Log started (V20.1.0.0) Tue Oct  5 18:15:31 2021


Problem 'lp/QPLIB_3850.lp' read.
Read time = 0.00 sec. (0.25 ticks)

Problem written to file 'mps/QPLIB_3850.mps'.

Log started (V20.1.0.0) Tue Oct  5 18:15:31 2021


Problem 'lp/QPLIB_3852.lp' read.
Read time = 0.00 sec. (0.05 ticks)

Problem written to file 'mps/QPLIB_3852.mps'.

Log started (V20.1.0.0) Tue Oct  5 18:15:31 2021


Problem 'lp/QPLIB_3854.lp' read.
Read time = 0.00 sec. (0.10 ticks)

Problem written to file 'mps/QPLIB_3854.mps'.

Log started (V20.1.0.0) Tue Oct  5 18:15:31 2021


Problem 'lp/QPLIB_3855.lp' read.
Read time = 0.01 sec. (0.45 ticks)

Problem written to file 'mps/QPLIB_3855.mps'.

Log started (V20.1.0.0) Tue Oct  5 18:15:31 2021


Problem 'lp/QPLIB_3856.lp' read.
Read time = 0.00 sec. (0.09 ticks)

Problem written to file 'mps/QPLIB_3856.mps'.

Log started (V20.1.0.0) Tue Oct  5 18:15:31 2021


Problem 'lp/QPLIB_3857.lp' read.
Read time = 0.02 sec. (1.15 ticks)

Problem written to file 'mps/QPLIB_3857.mps'.

Log started (V20.1.0.0) Tue Oct  5 18:15:31 2021


Problem 'lp/QPLIB_3859.lp' read.
Read time = 0.01 sec. (0.30 ticks)

Problem written to file 'mps/QPLIB_3859.mps'.

Log started (V20.1.0.0) Tue Oct  5 18:15:31 2021


Problem 'lp/QPLIB_3860.lp' read.
Read time = 0.01 sec. (1.55 ticks)

Problem written to file 'mps/QPLIB_3860.mps'.

Log started (V20.1.0.0) Tue Oct  5 18:15:31 2021


Problem 'lp/QPLIB_3861.lp' read.
Read time = 0.01 sec. (0.74 ticks)

Problem written to file 'mps/QPLIB_3861.mps'.

Log started (V20.1.0.0) Tue Oct  5 18:15:31 2021


Problem 'lp/QPLIB_3863.lp' read.
Read time = 0.00 sec. (0.34 ticks)

Problem written to file 'mps/QPLIB_3863.mps'.

Log started (V20.1.0.0) Tue Oct  5 18:15:31 2021


Problem 'lp/QPLIB_3865.lp' read.
Read time = 0.06 sec. (17.70 ticks)

Problem written to file 'mps/QPLIB_3865.mps'.

Log started (V20.1.0.0) Tue Oct  5 18:15:32 2021


Problem 'lp/QPLIB_3870.lp' read.
Read time = 0.00 sec. (0.53 ticks)

Problem written to file 'mps/QPLIB_3870.mps'.

Log started (V20.1.0.0) Tue Oct  5 18:15:32 2021


Problem 'lp/QPLIB_3871.lp' read.
Read time = 0.00 sec. (0.16 ticks)

Problem written to file 'mps/QPLIB_3871.mps'.

Log started (V20.1.0.0) Tue Oct  5 18:15:32 2021


Problem 'lp/QPLIB_3872.lp' read.
Read time = 0.01 sec. (0.38 ticks)

Problem written to file 'mps/QPLIB_3872.mps'.

Log started (V20.1.0.0) Tue Oct  5 18:15:32 2021


Problem 'lp/QPLIB_3877.lp' read.
Read time = 0.00 sec. (0.13 ticks)

Problem written to file 'mps/QPLIB_3877.mps'.

Log started (V20.1.0.0) Tue Oct  5 18:15:32 2021


Problem 'lp/QPLIB_3879.lp' read.
Read time = 0.03 sec. (4.30 ticks)

Problem written to file 'mps/QPLIB_3879.mps'.

Log started (V20.1.0.0) Tue Oct  5 18:15:33 2021


Problem 'lp/QPLIB_3883.lp' read.
Read time = 0.01 sec. (0.43 ticks)

Problem written to file 'mps/QPLIB_3883.mps'.

Log started (V20.1.0.0) Tue Oct  5 18:15:33 2021


Problem 'lp/QPLIB_3913.lp' read.
Read time = 0.02 sec. (6.18 ticks)

Problem written to file 'mps/QPLIB_3913.mps'.

Log started (V20.1.0.0) Tue Oct  5 18:15:33 2021


Problem 'lp/QPLIB_3923.lp' read.
Read time = 0.01 sec. (0.42 ticks)

Problem written to file 'mps/QPLIB_3923.mps'.

Log started (V20.1.0.0) Tue Oct  5 18:15:33 2021


Problem 'lp/QPLIB_3931.lp' read.
Read time = 0.00 sec. (0.24 ticks)

Problem written to file 'mps/QPLIB_3931.mps'.

Log started (V20.1.0.0) Tue Oct  5 18:15:33 2021


Problem 'lp/QPLIB_3980.lp' read.
Read time = 0.01 sec. (3.62 ticks)

Problem written to file 'mps/QPLIB_3980.mps'.

Log started (V20.1.0.0) Tue Oct  5 18:15:33 2021


Problem 'lp/QPLIB_4095.lp' read.
Read time = 0.04 sec. (11.96 ticks)

Problem written to file 'mps/QPLIB_4095.mps'.

Log started (V20.1.0.0) Tue Oct  5 18:15:33 2021


Problem 'lp/QPLIB_4270.lp' read.
Read time = 0.04 sec. (11.87 ticks)

Problem written to file 'mps/QPLIB_4270.mps'.

Log started (V20.1.0.0) Tue Oct  5 18:15:33 2021


Problem 'lp/QPLIB_4455.lp' read.
Read time = 0.02 sec. (2.53 ticks)

Problem written to file 'mps/QPLIB_4455.mps'.

Log started (V20.1.0.0) Tue Oct  5 18:15:34 2021


Problem 'lp/QPLIB_4722.lp' read.
Read time = 0.02 sec. (1.48 ticks)

Problem written to file 'mps/QPLIB_4722.mps'.

Log started (V20.1.0.0) Tue Oct  5 18:15:34 2021


Problem 'lp/QPLIB_4805.lp' read.
Read time = 0.01 sec. (1.52 ticks)

Problem written to file 'mps/QPLIB_4805.mps'.

Log started (V20.1.0.0) Tue Oct  5 18:15:34 2021


Problem 'lp/QPLIB_5023.lp' read.
Read time = 0.02 sec. (2.59 ticks)

Problem written to file 'mps/QPLIB_5023.mps'.

Log started (V20.1.0.0) Tue Oct  5 18:15:35 2021


Problem 'lp/QPLIB_5442.lp' read.
Read time = 0.02 sec. (1.52 ticks)

Problem written to file 'mps/QPLIB_5442.mps'.

Log started (V20.1.0.0) Tue Oct  5 18:15:35 2021


Problem 'lp/QPLIB_5527.lp' read.
Read time = 0.06 sec. (7.18 ticks)

Problem written to file 'mps/QPLIB_5527.mps'.

Log started (V20.1.0.0) Tue Oct  5 18:15:35 2021


Problem 'lp/QPLIB_5543.lp' read.
Read time = 0.06 sec. (7.15 ticks)

Problem written to file 'mps/QPLIB_5543.mps'.

Log started (V20.1.0.0) Tue Oct  5 18:15:35 2021


Problem 'lp/QPLIB_5554.lp' read.
Read time = 0.10 sec. (9.72 ticks)

Problem written to file 'mps/QPLIB_5554.mps'.

Log started (V20.1.0.0) Tue Oct  5 18:15:37 2021


Problem 'lp/QPLIB_5573.lp' read.
Read time = 0.08 sec. (10.37 ticks)

Problem written to file 'mps/QPLIB_5573.mps'.

Log started (V20.1.0.0) Tue Oct  5 18:15:39 2021


Problem 'lp/QPLIB_5577.lp' read.
Read time = 0.02 sec. (1.67 ticks)

Problem written to file 'mps/QPLIB_5577.mps'.

Log started (V20.1.0.0) Tue Oct  5 18:15:39 2021


Problem 'lp/QPLIB_5721.lp' read.
Read time = 0.01 sec. (4.56 ticks)

Problem written to file 'mps/QPLIB_5721.mps'.

Log started (V20.1.0.0) Tue Oct  5 18:15:39 2021


Problem 'lp/QPLIB_5725.lp' read.
Read time = 0.00 sec. (0.10 ticks)

Problem written to file 'mps/QPLIB_5725.mps'.

Log started (V20.1.0.0) Tue Oct  5 18:15:39 2021


Problem 'lp/QPLIB_5755.lp' read.
Read time = 0.00 sec. (0.09 ticks)

Problem written to file 'mps/QPLIB_5755.mps'.

Log started (V20.1.0.0) Tue Oct  5 18:15:39 2021


Problem 'lp/QPLIB_5875.lp' read.
Read time = 0.01 sec. (2.03 ticks)

Problem written to file 'mps/QPLIB_5875.mps'.

Log started (V20.1.0.0) Tue Oct  5 18:15:39 2021


Problem 'lp/QPLIB_5881.lp' read.
Read time = 0.00 sec. (0.23 ticks)

Problem written to file 'mps/QPLIB_5881.mps'.

Log started (V20.1.0.0) Tue Oct  5 18:15:39 2021


Problem 'lp/QPLIB_5882.lp' read.
Read time = 0.00 sec. (1.06 ticks)

Problem written to file 'mps/QPLIB_5882.mps'.

Log started (V20.1.0.0) Tue Oct  5 18:15:39 2021


Problem 'lp/QPLIB_5909.lp' read.
Read time = 0.00 sec. (0.31 ticks)

Problem written to file 'mps/QPLIB_5909.mps'.

Log started (V20.1.0.0) Tue Oct  5 18:15:39 2021


Problem 'lp/QPLIB_5922.lp' read.
Read time = 0.01 sec. (1.36 ticks)

Problem written to file 'mps/QPLIB_5922.mps'.

Log started (V20.1.0.0) Tue Oct  5 18:15:39 2021


Problem 'lp/QPLIB_5924.lp' read.
Read time = 0.03 sec. (4.06 ticks)

Problem written to file 'mps/QPLIB_5924.mps'.

Log started (V20.1.0.0) Tue Oct  5 18:15:39 2021


Problem 'lp/QPLIB_5925.lp' read.
Read time = 0.00 sec. (0.22 ticks)

Problem written to file 'mps/QPLIB_5925.mps'.

Log started (V20.1.0.0) Tue Oct  5 18:15:39 2021


Problem 'lp/QPLIB_5926.lp' read.
Read time = 0.08 sec. (6.73 ticks)

Problem written to file 'mps/QPLIB_5926.mps'.

Log started (V20.1.0.0) Tue Oct  5 18:15:40 2021


Problem 'lp/QPLIB_5927.lp' read.
Read time = 0.07 sec. (6.74 ticks)

Problem written to file 'mps/QPLIB_5927.mps'.

Log started (V20.1.0.0) Tue Oct  5 18:15:41 2021


Problem 'lp/QPLIB_5935.lp' read.
Read time = 0.01 sec. (0.69 ticks)

Problem written to file 'mps/QPLIB_5935.mps'.

Log started (V20.1.0.0) Tue Oct  5 18:15:41 2021


Problem 'lp/QPLIB_5944.lp' read.
Read time = 0.01 sec. (0.77 ticks)

Problem written to file 'mps/QPLIB_5944.mps'.

Log started (V20.1.0.0) Tue Oct  5 18:15:41 2021


Problem 'lp/QPLIB_5962.lp' read.
Read time = 0.01 sec. (1.60 ticks)

Problem written to file 'mps/QPLIB_5962.mps'.

Log started (V20.1.0.0) Tue Oct  5 18:15:41 2021


Problem 'lp/QPLIB_5971.lp' read.
Read time = 0.01 sec. (1.80 ticks)

Problem written to file 'mps/QPLIB_5971.mps'.

Log started (V20.1.0.0) Tue Oct  5 18:15:41 2021


Problem 'lp/QPLIB_5980.lp' read.
Read time = 0.01 sec. (1.99 ticks)

Problem written to file 'mps/QPLIB_5980.mps'.

Log started (V20.1.0.0) Tue Oct  5 18:15:42 2021


Problem 'lp/QPLIB_6287.lp' read.
Read time = 0.00 sec. (0.06 ticks)

Problem written to file 'mps/QPLIB_6287.mps'.

Log started (V20.1.0.0) Tue Oct  5 18:15:42 2021


Problem 'lp/QPLIB_6310.lp' read.
Read time = 0.00 sec. (0.16 ticks)

Problem written to file 'mps/QPLIB_6310.mps'.

Log started (V20.1.0.0) Tue Oct  5 18:15:42 2021


Problem 'lp/QPLIB_6311.lp' read.
Read time = 0.00 sec. (0.08 ticks)

Problem written to file 'mps/QPLIB_6311.mps'.

Log started (V20.1.0.0) Tue Oct  5 18:15:42 2021


Problem 'lp/QPLIB_6324.lp' read.
Read time = 0.03 sec. (8.64 ticks)

Problem written to file 'mps/QPLIB_6324.mps'.

Log started (V20.1.0.0) Tue Oct  5 18:15:42 2021


Problem 'lp/QPLIB_6487.lp' read.
Read time = 0.03 sec. (5.05 ticks)

Problem written to file 'mps/QPLIB_6487.mps'.

Log started (V20.1.0.0) Tue Oct  5 18:15:42 2021


Problem 'lp/QPLIB_6597.lp' read.
Read time = 0.08 sec. (26.38 ticks)

Problem written to file 'mps/QPLIB_6597.mps'.

Log started (V20.1.0.0) Tue Oct  5 18:15:42 2021


Problem 'lp/QPLIB_6647.lp' read.
Read time = 0.01 sec. (1.58 ticks)

Problem written to file 'mps/QPLIB_6647.mps'.

Log started (V20.1.0.0) Tue Oct  5 18:15:42 2021


Problem 'lp/QPLIB_6757.lp' read.
Read time = 0.04 sec. (12.10 ticks)

Problem written to file 'mps/QPLIB_6757.mps'.

Log started (V20.1.0.0) Tue Oct  5 18:15:42 2021


Problem 'lp/QPLIB_6764.lp' read.
Read time = 0.05 sec. (12.37 ticks)

Problem written to file 'mps/QPLIB_6764.mps'.

Log started (V20.1.0.0) Tue Oct  5 18:15:42 2021


Problem 'lp/QPLIB_6799.lp' read.
Read time = 0.04 sec. (12.43 ticks)

Problem written to file 'mps/QPLIB_6799.mps'.

Log started (V20.1.0.0) Tue Oct  5 18:15:43 2021


Problem 'lp/QPLIB_6941.lp' read.
Read time = 0.06 sec. (13.27 ticks)

Problem written to file 'mps/QPLIB_6941.mps'.

Log started (V20.1.0.0) Tue Oct  5 18:15:43 2021


Problem 'lp/QPLIB_7127.lp' read.
Read time = 0.02 sec. (3.92 ticks)

Problem written to file 'mps/QPLIB_7127.mps'.

Log started (V20.1.0.0) Tue Oct  5 18:15:43 2021


Problem 'lp/QPLIB_7139.lp' read.
Read time = 0.01 sec. (1.88 ticks)

Problem written to file 'mps/QPLIB_7139.mps'.

Log started (V20.1.0.0) Tue Oct  5 18:15:43 2021


Problem 'lp/QPLIB_7144.lp' read.
Read time = 0.01 sec. (2.93 ticks)

Problem written to file 'mps/QPLIB_7144.mps'.

Log started (V20.1.0.0) Tue Oct  5 18:15:43 2021


Problem 'lp/QPLIB_7149.lp' read.
Read time = 0.01 sec. (4.11 ticks)

Problem written to file 'mps/QPLIB_7149.mps'.

Log started (V20.1.0.0) Tue Oct  5 18:15:43 2021


Problem 'lp/QPLIB_7154.lp' read.
Read time = 0.02 sec. (6.04 ticks)

Problem written to file 'mps/QPLIB_7154.mps'.

Log started (V20.1.0.0) Tue Oct  5 18:15:43 2021


Problem 'lp/QPLIB_7159.lp' read.
Read time = 0.03 sec. (8.48 ticks)

Problem written to file 'mps/QPLIB_7159.mps'.

Log started (V20.1.0.0) Tue Oct  5 18:15:43 2021


Problem 'lp/QPLIB_7164.lp' read.
Read time = 0.03 sec. (11.24 ticks)

Problem written to file 'mps/QPLIB_7164.mps'.

Log started (V20.1.0.0) Tue Oct  5 18:15:43 2021


Problem 'lp/QPLIB_7579.lp' read.
Read time = 0.01 sec. (0.16 ticks)

Problem written to file 'mps/QPLIB_7579.mps'.

Log started (V20.1.0.0) Tue Oct  5 18:15:43 2021


Problem 'lp/QPLIB_8009.lp' read.
Read time = 0.01 sec. (0.31 ticks)

Problem written to file 'mps/QPLIB_8009.mps'.

Log started (V20.1.0.0) Tue Oct  5 18:15:43 2021


Problem 'lp/QPLIB_8153.lp' read.
Read time = 0.00 sec. (0.04 ticks)

Problem written to file 'mps/QPLIB_8153.mps'.

Log started (V20.1.0.0) Tue Oct  5 18:15:43 2021


Problem 'lp/QPLIB_8381.lp' read.
Read time = 0.00 sec. (0.09 ticks)

Problem written to file 'mps/QPLIB_8381.mps'.

Log started (V20.1.0.0) Tue Oct  5 18:15:43 2021


Problem 'lp/QPLIB_8495.lp' read.
Read time = 0.02 sec. (3.18 ticks)

Problem written to file 'mps/QPLIB_8495.mps'.

Log started (V20.1.0.0) Tue Oct  5 18:15:43 2021


Problem 'lp/QPLIB_8500.lp' read.
Read time = 0.43 sec. (45.79 ticks)

Problem written to file 'mps/QPLIB_8500.mps'.

Log started (V20.1.0.0) Tue Oct  5 18:15:45 2021


Problem 'lp/QPLIB_8505.lp' read.
Read time = 0.10 sec. (9.16 ticks)

Problem written to file 'mps/QPLIB_8505.mps'.

Log started (V20.1.0.0) Tue Oct  5 18:15:45 2021


Problem 'lp/QPLIB_8515.lp' read.
Read time = 0.02 sec. (3.14 ticks)

Problem written to file 'mps/QPLIB_8515.mps'.

Log started (V20.1.0.0) Tue Oct  5 18:15:46 2021


Problem 'lp/QPLIB_8547.lp' read.
Read time = 2.18 sec. (192.38 ticks)

Problem written to file 'mps/QPLIB_8547.mps'.

Log started (V20.1.0.0) Tue Oct  5 18:15:53 2021


Problem 'lp/QPLIB_8553.lp' read.
Read time = 0.30 sec. (163.51 ticks)

Problem written to file 'mps/QPLIB_8553.mps'.

Log started (V20.1.0.0) Tue Oct  5 18:16:24 2021


Problem 'lp/QPLIB_8559.lp' read.
Read time = 0.03 sec. (3.86 ticks)

Problem written to file 'mps/QPLIB_8559.mps'.

Log started (V20.1.0.0) Tue Oct  5 18:16:24 2021


Problem 'lp/QPLIB_8567.lp' read.
Read time = 0.03 sec. (4.06 ticks)

Problem written to file 'mps/QPLIB_8567.mps'.

Log started (V20.1.0.0) Tue Oct  5 18:16:24 2021


Problem 'lp/QPLIB_8585.lp' read.
Read time = 0.32 sec. (236.82 ticks)

Problem written to file 'mps/QPLIB_8585.mps'.

Log started (V20.1.0.0) Tue Oct  5 18:17:12 2021


Problem 'lp/QPLIB_8595.lp' read.
Read time = 0.04 sec. (4.17 ticks)

Problem written to file 'mps/QPLIB_8595.mps'.

Log started (V20.1.0.0) Tue Oct  5 18:17:12 2021


Problem 'lp/QPLIB_8602.lp' read.
Read time = 0.07 sec. (8.24 ticks)

Problem written to file 'mps/QPLIB_8602.mps'.

Log started (V20.1.0.0) Tue Oct  5 18:17:12 2021


Problem 'lp/QPLIB_8605.lp' read.
Read time = 0.01 sec. (0.72 ticks)

Problem written to file 'mps/QPLIB_8605.mps'.

Log started (V20.1.0.0) Tue Oct  5 18:17:12 2021


Problem 'lp/QPLIB_8616.lp' read.
Read time = 0.02 sec. (1.94 ticks)

Problem written to file 'mps/QPLIB_8616.mps'.

Log started (V20.1.0.0) Tue Oct  5 18:17:12 2021


Problem 'lp/QPLIB_8683.lp' read.
Read time = 1.82 sec. (1883.58 ticks)

Problem written to file 'mps/QPLIB_8683.mps'.

Log started (V20.1.0.0) Tue Oct  5 18:21:46 2021


Problem 'lp/QPLIB_8685.lp' read.
Read time = 0.06 sec. (23.32 ticks)

Problem written to file 'mps/QPLIB_8685.mps'.

Log started (V20.1.0.0) Tue Oct  5 18:21:47 2021


Problem 'lp/QPLIB_8758.lp' read.
Read time = 0.54 sec. (191.12 ticks)

Problem written to file 'mps/QPLIB_8758.mps'.

Log started (V20.1.0.0) Tue Oct  5 18:21:48 2021


Problem 'lp/QPLIB_8777.lp' read.
Read time = 0.03 sec. (3.65 ticks)

Problem written to file 'mps/QPLIB_8777.mps'.

Log started (V20.1.0.0) Tue Oct  5 18:21:49 2021


Problem 'lp/QPLIB_8784.lp' read.
Read time = 0.04 sec. (4.33 ticks)

Problem written to file 'mps/QPLIB_8784.mps'.

Log started (V20.1.0.0) Tue Oct  5 18:21:49 2021


Problem 'lp/QPLIB_8785.lp' read.
Read time = 0.02 sec. (2.05 ticks)

Problem written to file 'mps/QPLIB_8785.mps'.

Log started (V20.1.0.0) Tue Oct  5 18:21:49 2021


Problem 'lp/QPLIB_8790.lp' read.
Read time = 0.05 sec. (10.00 ticks)

Problem written to file 'mps/QPLIB_8790.mps'.

Log started (V20.1.0.0) Tue Oct  5 18:21:49 2021


Problem 'lp/QPLIB_8792.lp' read.
Read time = 0.02 sec. (3.85 ticks)

Problem written to file 'mps/QPLIB_8792.mps'.

Log started (V20.1.0.0) Tue Oct  5 18:21:49 2021


Problem 'lp/QPLIB_8803.lp' read.
Read time = 0.39 sec. (242.72 ticks)

Problem written to file 'mps/QPLIB_8803.mps'.

Log started (V20.1.0.0) Tue Oct  5 18:23:02 2021


Problem 'lp/QPLIB_8810.lp' read.
Read time = 0.41 sec. (244.68 ticks)

Problem written to file 'mps/QPLIB_8810.mps'.

Log started (V20.1.0.0) Tue Oct  5 18:24:14 2021


Problem 'lp/QPLIB_8815.lp' read.
Read time = 0.04 sec. (6.36 ticks)

Problem written to file 'mps/QPLIB_8815.mps'.

Log started (V20.1.0.0) Tue Oct  5 18:24:15 2021


Problem 'lp/QPLIB_8845.lp' read.
Read time = 0.03 sec. (8.32 ticks)

Problem written to file 'mps/QPLIB_8845.mps'.

Log started (V20.1.0.0) Tue Oct  5 18:24:15 2021


Problem 'lp/QPLIB_8906.lp' read.
Read time = 0.03 sec. (6.61 ticks)

Problem written to file 'mps/QPLIB_8906.mps'.

Log started (V20.1.0.0) Tue Oct  5 18:24:16 2021


Problem 'lp/QPLIB_8938.lp' read.
Read time = 0.01 sec. (1.29 ticks)

Problem written to file 'mps/QPLIB_8938.mps'.

Log started (V20.1.0.0) Tue Oct  5 18:24:16 2021


Problem 'lp/QPLIB_8991.lp' read.
Read time = 0.02 sec. (3.66 ticks)

Problem written to file 'mps/QPLIB_8991.mps'.

Log started (V20.1.0.0) Tue Oct  5 18:24:16 2021


Problem 'lp/QPLIB_9002.lp' read.
Read time = 0.01 sec. (0.42 ticks)

Problem written to file 'mps/QPLIB_9002.mps'.

Log started (V20.1.0.0) Tue Oct  5 18:24:16 2021


Problem 'lp/QPLIB_9004.lp' read.
Read time = 0.07 sec. (15.53 ticks)

Problem written to file 'mps/QPLIB_9004.mps'.

Log started (V20.1.0.0) Tue Oct  5 18:24:20 2021


Problem 'lp/QPLIB_9008.lp' read.
Read time = 2.59 sec. (238.51 ticks)

Problem written to file 'mps/QPLIB_9008.mps'.

Log started (V20.1.0.0) Tue Oct  5 18:24:29 2021


Problem 'lp/QPLIB_9030.lp' read.
Read time = 0.02 sec. (3.89 ticks)

Problem written to file 'mps/QPLIB_9030.mps'.

Log started (V20.1.0.0) Tue Oct  5 18:24:30 2021


Problem 'lp/QPLIB_9048.lp' read.
Read time = 0.00 sec. (0.40 ticks)

Problem written to file 'mps/QPLIB_9048.mps'.
